# JRE version: OpenJDK Runtime Environment Temurin-21.0.10+7 (21.0.10+7) (build 21.0.10+7-LTS)
# Java VM: OpenJDK 64-Bit Server VM Temurin-21.0.10+7 (21.0.10+7-LTS, mixed mode, sharing, tiered, compressed oops, compressed class ptrs, parallel gc, windows-amd64)
GC Precious Log:
 CardTable entry size: 512
 CPUs: 16 total, 16 available
 Memory: 6005M
 Large Page Support: Disabled
 NUMA Support: Disabled
 Compressed Oops: Enabled (32-bit)
 Alignments: Space 512K, Generation 512K, Heap 2M
 Heap Min Capacity: 100M
 Heap Initial Capacity: 100M
 Heap Max Capacity: 2G
 Pre-touch: Disabled
 Parallel Workers: 13
Heap:
 PSYoungGen      total 8704K, used 8127K [0x00000000d5580000, 0x00000000d5e80000, 0x0000000100000000)
  eden space 7680K, 99% used [0x00000000d5580000,0x00000000d5cffda8,0x00000000d5d00000)
  from space 1024K, 43% used [0x00000000d5d00000,0x00000000d5d70000,0x00000000d5e00000)
  to   space 512K, 98% used [0x00000000d5e00000,0x00000000d5e7ea68,0x00000000d5e80000)
 ParOldGen       total 100352K, used 99905K [0x0000000080000000, 0x0000000086200000, 0x00000000d5580000)
  object space 100352K, 99% used [0x0000000080000000,0x0000000086190568,0x0000000086200000)
 Metaspace       used 66617K, committed 68096K, reserved 1114112K
  class space    used 6730K, committed 7360K, reserved 1048576K
GC Heap History (20 events):
Event: 14.482 GC heap before
{Heap before GC invocations=79 (full 3):
 PSYoungGen      total 9216K, used 8800K [0x00000000d5580000, 0x00000000d6000000, 0x0000000100000000)
  eden space 7680K, 100% used [0x00000000d5580000,0x00000000d5d00000,0x00000000d5d00000)
  from space 1536K, 72% used [0x00000000d5d00000,0x00000000d5e18000,0x00000000d5e80000)
  to   space 1536K, 0% used [0x00000000d5e80000,0x00000000d5e80000,0x00000000d6000000)
 ParOldGen       total 95744K, used 95277K [0x0000000080000000, 0x0000000085d80000, 0x00000000d5580000)
  object space 95744K, 99% used [0x0000000080000000,0x0000000085d0b7d0,0x0000000085d80000)
 Metaspace       used 63940K, committed 65472K, reserved 1114112K
  class space    used 6448K, committed 7104K, reserved 1048576K
}
Event: 14.483 GC heap after
{Heap after GC invocations=79 (full 3):
 PSYoungGen      total 8704K, used 640K [0x00000000d5580000, 0x00000000d5f80000, 0x0000000100000000)
  eden space 7680K, 0% used [0x00000000d5580000,0x00000000d5580000,0x00000000d5d00000)
  from space 1024K, 62% used [0x00000000d5e80000,0x00000000d5f20020,0x00000000d5f80000)
  to   space 1024K, 0% used [0x00000000d5d80000,0x00000000d5d80000,0x00000000d5e80000)
 ParOldGen       total 95744K, used 95573K [0x0000000080000000, 0x0000000085d80000, 0x00000000d5580000)
  object space 95744K, 99% used [0x0000000080000000,0x0000000085d557d0,0x0000000085d80000)
 Metaspace       used 63940K, committed 65472K, reserved 1114112K
  class space    used 6448K, committed 7104K, reserved 1048576K
}
Event: 14.519 GC heap before
{Heap before GC invocations=80 (full 3):
 PSYoungGen      total 8704K, used 8320K [0x00000000d5580000, 0x00000000d5f80000, 0x0000000100000000)
  eden space 7680K, 100% used [0x00000000d5580000,0x00000000d5d00000,0x00000000d5d00000)
  from space 1024K, 62% used [0x00000000d5e80000,0x00000000d5f20020,0x00000000d5f80000)
  to   space 1024K, 0% used [0x00000000d5d80000,0x00000000d5d80000,0x00000000d5e80000)
 ParOldGen       total 95744K, used 95573K [0x0000000080000000, 0x0000000085d80000, 0x00000000d5580000)
  object space 95744K, 99% used [0x0000000080000000,0x0000000085d557d0,0x0000000085d80000)
 Metaspace       used 64007K, committed 65472K, reserved 1114112K
  class space    used 6448K, committed 7104K, reserved 1048576K
}
Event: 14.522 GC heap after
{Heap after GC invocations=80 (full 3):
 PSYoungGen      total 8704K, used 992K [0x00000000d5580000, 0x00000000d6000000, 0x0000000100000000)
  eden space 7680K, 0% used [0x00000000d5580000,0x00000000d5580000,0x00000000d5d00000)
  from space 1024K, 96% used [0x00000000d5d80000,0x00000000d5e78020,0x00000000d5e80000)
  to   space 1536K, 0% used [0x00000000d5e80000,0x00000000d5e80000,0x00000000d6000000)
 ParOldGen       total 96256K, used 95957K [0x0000000080000000, 0x0000000085e00000, 0x00000000d5580000)
  object space 96256K, 99% used [0x0000000080000000,0x0000000085db57d0,0x0000000085e00000)
 Metaspace       used 64007K, committed 65472K, reserved 1114112K
  class space    used 6448K, committed 7104K, reserved 1048576K
}
Event: 14.558 GC heap before
{Heap before GC invocations=81 (full 3):
 PSYoungGen      total 8704K, used 8672K [0x00000000d5580000, 0x00000000d6000000, 0x0000000100000000)
  eden space 7680K, 100% used [0x00000000d5580000,0x00000000d5d00000,0x00000000d5d00000)
  from space 1024K, 96% used [0x00000000d5d80000,0x00000000d5e78020,0x00000000d5e80000)
  to   space 1536K, 0% used [0x00000000d5e80000,0x00000000d5e80000,0x00000000d6000000)
 ParOldGen       total 96256K, used 95957K [0x0000000080000000, 0x0000000085e00000, 0x00000000d5580000)
  object space 96256K, 99% used [0x0000000080000000,0x0000000085db57d0,0x0000000085e00000)
 Metaspace       used 64019K, committed 65536K, reserved 1114112K
  class space    used 6448K, committed 7104K, reserved 1048576K
}
Event: 14.559 GC heap after
{Heap after GC invocations=81 (full 3):
 PSYoungGen      total 8704K, used 800K [0x00000000d5580000, 0x00000000d5f80000, 0x0000000100000000)
  eden space 7680K, 0% used [0x00000000d5580000,0x00000000d5580000,0x00000000d5d00000)
  from space 1024K, 78% used [0x00000000d5e80000,0x00000000d5f48000,0x00000000d5f80000)
  to   space 1024K, 0% used [0x00000000d5d80000,0x00000000d5d80000,0x00000000d5e80000)
 ParOldGen       total 96768K, used 96517K [0x0000000080000000, 0x0000000085e80000, 0x00000000d5580000)
  object space 96768K, 99% used [0x0000000080000000,0x0000000085e417f0,0x0000000085e80000)
 Metaspace       used 64019K, committed 65536K, reserved 1114112K
  class space    used 6448K, committed 7104K, reserved 1048576K
}
Event: 14.612 GC heap before
{Heap before GC invocations=82 (full 3):
 PSYoungGen      total 8704K, used 8480K [0x00000000d5580000, 0x00000000d5f80000, 0x0000000100000000)
  eden space 7680K, 100% used [0x00000000d5580000,0x00000000d5d00000,0x00000000d5d00000)
  from space 1024K, 78% used [0x00000000d5e80000,0x00000000d5f48000,0x00000000d5f80000)
  to   space 1024K, 0% used [0x00000000d5d80000,0x00000000d5d80000,0x00000000d5e80000)
 ParOldGen       total 96768K, used 96517K [0x0000000080000000, 0x0000000085e80000, 0x00000000d5580000)
  object space 96768K, 99% used [0x0000000080000000,0x0000000085e417f0,0x0000000085e80000)
 Metaspace       used 64081K, committed 65536K, reserved 1114112K
  class space    used 6449K, committed 7104K, reserved 1048576K
}
Event: 14.614 GC heap after
{Heap after GC invocations=82 (full 3):
 PSYoungGen      total 8704K, used 896K [0x00000000d5580000, 0x00000000d5f00000, 0x0000000100000000)
  eden space 7680K, 0% used [0x00000000d5580000,0x00000000d5580000,0x00000000d5d00000)
  from space 1024K, 87% used [0x00000000d5d80000,0x00000000d5e60000,0x00000000d5e80000)
  to   space 512K, 0% used [0x00000000d5e80000,0x00000000d5e80000,0x00000000d5f00000)
 ParOldGen       total 97280K, used 96933K [0x0000000080000000, 0x0000000085f00000, 0x00000000d5580000)
  object space 97280K, 99% used [0x0000000080000000,0x0000000085ea97f0,0x0000000085f00000)
 Metaspace       used 64081K, committed 65536K, reserved 1114112K
  class space    used 6449K, committed 7104K, reserved 1048576K
}
Event: 14.716 GC heap before
{Heap before GC invocations=83 (full 3):
 PSYoungGen      total 8704K, used 8576K [0x00000000d5580000, 0x00000000d5f00000, 0x0000000100000000)
  eden space 7680K, 100% used [0x00000000d5580000,0x00000000d5d00000,0x00000000d5d00000)
  from space 1024K, 87% used [0x00000000d5d80000,0x00000000d5e60000,0x00000000d5e80000)
  to   space 512K, 0% used [0x00000000d5e80000,0x00000000d5e80000,0x00000000d5f00000)
 ParOldGen       total 97280K, used 96933K [0x0000000080000000, 0x0000000085f00000, 0x00000000d5580000)
  object space 97280K, 99% used [0x0000000080000000,0x0000000085ea97f0,0x0000000085f00000)
 Metaspace       used 64496K, committed 65984K, reserved 1114112K
  class space    used 6487K, committed 7104K, reserved 1048576K
}
Event: 14.717 GC heap after
{Heap after GC invocations=83 (full 3):
 PSYoungGen      total 8192K, used 512K [0x00000000d5580000, 0x00000000d5f00000, 0x0000000100000000)
  eden space 7680K, 0% used [0x00000000d5580000,0x00000000d5580000,0x00000000d5d00000)
  from space 512K, 100% used [0x00000000d5e80000,0x00000000d5f00000,0x00000000d5f00000)
  to   space 1024K, 0% used [0x00000000d5d00000,0x00000000d5d00000,0x00000000d5e00000)
 ParOldGen       total 97792K, used 97461K [0x0000000080000000, 0x0000000085f80000, 0x00000000d5580000)
  object space 97792K, 99% used [0x0000000080000000,0x0000000085f2d7f0,0x0000000085f80000)
 Metaspace       used 64496K, committed 65984K, reserved 1114112K
  class space    used 6487K, committed 7104K, reserved 1048576K
}
Event: 14.793 GC heap before
{Heap before GC invocations=84 (full 3):
 PSYoungGen      total 8192K, used 8192K [0x00000000d5580000, 0x00000000d5f00000, 0x0000000100000000)
  eden space 7680K, 100% used [0x00000000d5580000,0x00000000d5d00000,0x00000000d5d00000)
  from space 512K, 100% used [0x00000000d5e80000,0x00000000d5f00000,0x00000000d5f00000)
  to   space 1024K, 0% used [0x00000000d5d00000,0x00000000d5d00000,0x00000000d5e00000)
 ParOldGen       total 97792K, used 97461K [0x0000000080000000, 0x0000000085f80000, 0x00000000d5580000)
  object space 97792K, 99% used [0x0000000080000000,0x0000000085f2d7f0,0x0000000085f80000)
 Metaspace       used 64719K, committed 66240K, reserved 1114112K
  class space    used 6522K, committed 7168K, reserved 1048576K
}
Event: 14.794 GC heap after
{Heap after GC invocations=84 (full 3):
 PSYoungGen      total 8704K, used 992K [0x00000000d5580000, 0x00000000d6000000, 0x0000000100000000)
  eden space 7680K, 0% used [0x00000000d5580000,0x00000000d5580000,0x00000000d5d00000)
  from space 1024K, 96% used [0x00000000d5d00000,0x00000000d5df8000,0x00000000d5e00000)
  to   space 1536K, 0% used [0x00000000d5e80000,0x00000000d5e80000,0x00000000d6000000)
 ParOldGen       total 97792K, used 97786K [0x0000000080000000, 0x0000000085f80000, 0x00000000d5580000)
  object space 97792K, 99% used [0x0000000080000000,0x0000000085f7e800,0x0000000085f80000)
 Metaspace       used 64719K, committed 66240K, reserved 1114112K
  class space    used 6522K, committed 7168K, reserved 1048576K
}
Event: 14.832 GC heap before
{Heap before GC invocations=85 (full 3):
 PSYoungGen      total 8704K, used 8672K [0x00000000d5580000, 0x00000000d6000000, 0x0000000100000000)
  eden space 7680K, 100% used [0x00000000d5580000,0x00000000d5d00000,0x00000000d5d00000)
  from space 1024K, 96% used [0x00000000d5d00000,0x00000000d5df8000,0x00000000d5e00000)
  to   space 1536K, 0% used [0x00000000d5e80000,0x00000000d5e80000,0x00000000d6000000)
 ParOldGen       total 97792K, used 97786K [0x0000000080000000, 0x0000000085f80000, 0x00000000d5580000)
  object space 97792K, 99% used [0x0000000080000000,0x0000000085f7e800,0x0000000085f80000)
 Metaspace       used 64874K, committed 66432K, reserved 1114112K
  class space    used 6549K, committed 7232K, reserved 1048576K
}
Event: 14.834 GC heap after
{Heap after GC invocations=85 (full 3):
 PSYoungGen      total 9216K, used 1408K [0x00000000d5580000, 0x00000000d6000000, 0x0000000100000000)
  eden space 7680K, 0% used [0x00000000d5580000,0x00000000d5580000,0x00000000d5d00000)
  from space 1536K, 91% used [0x00000000d5e80000,0x00000000d5fe0000,0x00000000d6000000)
  to   space 1536K, 0% used [0x00000000d5d00000,0x00000000d5d00000,0x00000000d5e80000)
 ParOldGen       total 98816K, used 98570K [0x0000000080000000, 0x0000000086080000, 0x00000000d5580000)
  object space 98816K, 99% used [0x0000000080000000,0x0000000086042800,0x0000000086080000)
 Metaspace       used 64874K, committed 66432K, reserved 1114112K
  class space    used 6549K, committed 7232K, reserved 1048576K
}
Event: 14.927 GC heap before
{Heap before GC invocations=86 (full 3):
 PSYoungGen      total 9216K, used 9088K [0x00000000d5580000, 0x00000000d6000000, 0x0000000100000000)
  eden space 7680K, 100% used [0x00000000d5580000,0x00000000d5d00000,0x00000000d5d00000)
  from space 1536K, 91% used [0x00000000d5e80000,0x00000000d5fe0000,0x00000000d6000000)
  to   space 1536K, 0% used [0x00000000d5d00000,0x00000000d5d00000,0x00000000d5e80000)
 ParOldGen       total 98816K, used 98570K [0x0000000080000000, 0x0000000086080000, 0x00000000d5580000)
  object space 98816K, 99% used [0x0000000080000000,0x0000000086042800,0x0000000086080000)
 Metaspace       used 65318K, committed 66816K, reserved 1114112K
  class space    used 6600K, committed 7232K, reserved 1048576K
}
Event: 14.929 GC heap after
{Heap after GC invocations=86 (full 3):
 PSYoungGen      total 8704K, used 666K [0x00000000d5580000, 0x00000000d5f00000, 0x0000000100000000)
  eden space 7680K, 0% used [0x00000000d5580000,0x00000000d5580000,0x00000000d5d00000)
  from space 1024K, 65% used [0x00000000d5d00000,0x00000000d5da68c8,0x00000000d5e00000)
  to   space 1024K, 0% used [0x00000000d5e00000,0x00000000d5e00000,0x00000000d5f00000)
 ParOldGen       total 99328K, used 99022K [0x0000000080000000, 0x0000000086100000, 0x00000000d5580000)
  object space 99328K, 99% used [0x0000000080000000,0x00000000860b3810,0x0000000086100000)
 Metaspace       used 65318K, committed 66816K, reserved 1114112K
  class space    used 6600K, committed 7232K, reserved 1048576K
}
Event: 15.076 GC heap before
{Heap before GC invocations=87 (full 3):
 PSYoungGen      total 8704K, used 8346K [0x00000000d5580000, 0x00000000d5f00000, 0x0000000100000000)
  eden space 7680K, 100% used [0x00000000d5580000,0x00000000d5d00000,0x00000000d5d00000)
  from space 1024K, 65% used [0x00000000d5d00000,0x00000000d5da68c8,0x00000000d5e00000)
  to   space 1024K, 0% used [0x00000000d5e00000,0x00000000d5e00000,0x00000000d5f00000)
 ParOldGen       total 99328K, used 99022K [0x0000000080000000, 0x0000000086100000, 0x00000000d5580000)
  object space 99328K, 99% used [0x0000000080000000,0x00000000860b3810,0x0000000086100000)
 Metaspace       used 65660K, committed 67200K, reserved 1114112K
  class space    used 6631K, committed 7296K, reserved 1048576K
}
Event: 15.078 GC heap after
{Heap after GC invocations=87 (full 3):
 PSYoungGen      total 8704K, used 448K [0x00000000d5580000, 0x00000000d5f00000, 0x0000000100000000)
  eden space 7680K, 0% used [0x00000000d5580000,0x00000000d5580000,0x00000000d5d00000)
  from space 1024K, 43% used [0x00000000d5e00000,0x00000000d5e70000,0x00000000d5f00000)
  to   space 1024K, 0% used [0x00000000d5d00000,0x00000000d5d00000,0x00000000d5e00000)
 ParOldGen       total 99840K, used 99470K [0x0000000080000000, 0x0000000086180000, 0x00000000d5580000)
  object space 99840K, 99% used [0x0000000080000000,0x0000000086123800,0x0000000086180000)
 Metaspace       used 65660K, committed 67200K, reserved 1114112K
  class space    used 6631K, committed 7296K, reserved 1048576K
}
Event: 15.302 GC heap before
{Heap before GC invocations=88 (full 3):
 PSYoungGen      total 8704K, used 8128K [0x00000000d5580000, 0x00000000d5f00000, 0x0000000100000000)
  eden space 7680K, 100% used [0x00000000d5580000,0x00000000d5d00000,0x00000000d5d00000)
  from space 1024K, 43% used [0x00000000d5e00000,0x00000000d5e70000,0x00000000d5f00000)
  to   space 1024K, 0% used [0x00000000d5d00000,0x00000000d5d00000,0x00000000d5e00000)
 ParOldGen       total 99840K, used 99470K [0x0000000080000000, 0x0000000086180000, 0x00000000d5580000)
  object space 99840K, 99% used [0x0000000080000000,0x0000000086123800,0x0000000086180000)
 Metaspace       used 66237K, committed 67712K, reserved 1114112K
  class space    used 6686K, committed 7360K, reserved 1048576K
}
Event: 15.304 GC heap after
{Heap after GC invocations=88 (full 3):
 PSYoungGen      total 8704K, used 448K [0x00000000d5580000, 0x00000000d5e80000, 0x0000000100000000)
  eden space 7680K, 0% used [0x00000000d5580000,0x00000000d5580000,0x00000000d5d00000)
  from space 1024K, 43% used [0x00000000d5d00000,0x00000000d5d70000,0x00000000d5e00000)
  to   space 512K, 0% used [0x00000000d5e00000,0x00000000d5e00000,0x00000000d5e80000)
 ParOldGen       total 99840K, used 99622K [0x0000000080000000, 0x0000000086180000, 0x00000000d5580000)
  object space 99840K, 99% used [0x0000000080000000,0x0000000086149810,0x0000000086180000)
 Metaspace       used 66237K, committed 67712K, reserved 1114112K
  class space    used 6686K, committed 7360K, reserved 1048576K
}

