# JRE version: OpenJDK Runtime Environment Temurin-21.0.10+7 (21.0.10+7) (build 21.0.10+7-LTS)
# Java VM: OpenJDK 64-Bit Server VM Temurin-21.0.10+7 (21.0.10+7-LTS, mixed mode, sharing, tiered, compressed oops, compressed class ptrs, parallel gc, windows-amd64)
GC Precious Log:
 CardTable entry size: 512
 CPUs: 16 total, 16 available
 Memory: 6005M
 Large Page Support: Disabled
 NUMA Support: Disabled
 Compressed Oops: Enabled (32-bit)
 Alignments: Space 512K, Generation 512K, Heap 2M
 Heap Min Capacity: 100M
 Heap Initial Capacity: 100M
 Heap Max Capacity: 2G
 Pre-touch: Disabled
 Parallel Workers: 13
Heap:
 PSYoungGen      total 7168K, used 6953K [0x00000000d5580000, 0x00000000d6000000, 0x0000000100000000)
  eden space 6144K, 96% used [0x00000000d5580000,0x00000000d5b515d0,0x00000000d5b80000)
  from space 1024K, 97% used [0x00000000d5d80000,0x00000000d5e79210,0x00000000d5e80000)
  to   space 2048K, 0% used [0x00000000d5b80000,0x00000000d5b80000,0x00000000d5d80000)
 ParOldGen       total 168960K, used 168829K [0x0000000080000000, 0x000000008a500000, 0x00000000d5580000)
  object space 168960K, 99% used [0x0000000080000000,0x000000008a4df418,0x000000008a500000)
 Metaspace       used 71859K, committed 73408K, reserved 1179648K
  class space    used 7215K, committed 7872K, reserved 1048576K
GC Heap History (20 events):
Event: 16.992 GC heap before
{Heap before GC invocations=280 (full 3):
 PSYoungGen      total 7168K, used 6880K [0x00000000d5580000, 0x00000000d5f00000, 0x0000000100000000)
  eden space 6144K, 100% used [0x00000000d5580000,0x00000000d5b80000,0x00000000d5b80000)
  from space 1024K, 71% used [0x00000000d5c80000,0x00000000d5d38020,0x00000000d5d80000)
  to   space 1024K, 0% used [0x00000000d5b80000,0x00000000d5b80000,0x00000000d5c80000)
 ParOldGen       total 161792K, used 161592K [0x0000000080000000, 0x0000000089e00000, 0x00000000d5580000)
  object space 161792K, 99% used [0x0000000080000000,0x0000000089dce338,0x0000000089e00000)
 Metaspace       used 71355K, committed 72896K, reserved 1179648K
  class space    used 7183K, committed 7808K, reserved 1048576K
}
Event: 17.002 GC heap after
{Heap after GC invocations=280 (full 3):
 PSYoungGen      total 7168K, used 672K [0x00000000d5580000, 0x00000000d5f00000, 0x0000000100000000)
  eden space 6144K, 0% used [0x00000000d5580000,0x00000000d5580000,0x00000000d5b80000)
  from space 1024K, 65% used [0x00000000d5b80000,0x00000000d5c28020,0x00000000d5c80000)
  to   space 1024K, 0% used [0x00000000d5e00000,0x00000000d5e00000,0x00000000d5f00000)
 ParOldGen       total 162304K, used 162160K [0x0000000080000000, 0x0000000089e80000, 0x00000000d5580000)
  object space 162304K, 99% used [0x0000000080000000,0x0000000089e5c358,0x0000000089e80000)
 Metaspace       used 71355K, committed 72896K, reserved 1179648K
  class space    used 7183K, committed 7808K, reserved 1048576K
}
Event: 17.162 GC heap before
{Heap before GC invocations=281 (full 3):
 PSYoungGen      total 7168K, used 6816K [0x00000000d5580000, 0x00000000d5f00000, 0x0000000100000000)
  eden space 6144K, 100% used [0x00000000d5580000,0x00000000d5b80000,0x00000000d5b80000)
  from space 1024K, 65% used [0x00000000d5b80000,0x00000000d5c28020,0x00000000d5c80000)
  to   space 1024K, 0% used [0x00000000d5e00000,0x00000000d5e00000,0x00000000d5f00000)
 ParOldGen       total 162304K, used 162160K [0x0000000080000000, 0x0000000089e80000, 0x00000000d5580000)
  object space 162304K, 99% used [0x0000000080000000,0x0000000089e5c358,0x0000000089e80000)
 Metaspace       used 71399K, committed 72960K, reserved 1179648K
  class space    used 7183K, committed 7808K, reserved 1048576K
}
Event: 17.185 GC heap after
{Heap after GC invocations=281 (full 3):
 PSYoungGen      total 7680K, used 1012K [0x00000000d5580000, 0x00000000d6100000, 0x0000000100000000)
  eden space 6656K, 0% used [0x00000000d5580000,0x00000000d5580000,0x00000000d5c00000)
  from space 1024K, 98% used [0x00000000d5e00000,0x00000000d5efd220,0x00000000d5f00000)
  to   space 2048K, 0% used [0x00000000d5c00000,0x00000000d5c00000,0x00000000d5e00000)
 ParOldGen       total 162816K, used 162680K [0x0000000080000000, 0x0000000089f00000, 0x00000000d5580000)
  object space 162816K, 99% used [0x0000000080000000,0x0000000089ede388,0x0000000089f00000)
 Metaspace       used 71399K, committed 72960K, reserved 1179648K
  class space    used 7183K, committed 7808K, reserved 1048576K
}
Event: 17.217 GC heap before
{Heap before GC invocations=282 (full 3):
 PSYoungGen      total 7680K, used 7668K [0x00000000d5580000, 0x00000000d6100000, 0x0000000100000000)
  eden space 6656K, 100% used [0x00000000d5580000,0x00000000d5c00000,0x00000000d5c00000)
  from space 1024K, 98% used [0x00000000d5e00000,0x00000000d5efd220,0x00000000d5f00000)
  to   space 2048K, 0% used [0x00000000d5c00000,0x00000000d5c00000,0x00000000d5e00000)
 ParOldGen       total 162816K, used 162680K [0x0000000080000000, 0x0000000089f00000, 0x00000000d5580000)
  object space 162816K, 99% used [0x0000000080000000,0x0000000089ede388,0x0000000089f00000)
 Metaspace       used 71460K, committed 73024K, reserved 1179648K
  class space    used 7183K, committed 7808K, reserved 1048576K
}
Event: 17.218 GC heap after
{Heap after GC invocations=282 (full 3):
 PSYoungGen      total 7680K, used 996K [0x00000000d5580000, 0x00000000d5f00000, 0x0000000100000000)
  eden space 6656K, 0% used [0x00000000d5580000,0x00000000d5580000,0x00000000d5c00000)
  from space 1024K, 97% used [0x00000000d5c00000,0x00000000d5cf9210,0x00000000d5d00000)
  to   space 1536K, 0% used [0x00000000d5d80000,0x00000000d5d80000,0x00000000d5f00000)
 ParOldGen       total 163840K, used 163688K [0x0000000080000000, 0x000000008a000000, 0x00000000d5580000)
  object space 163840K, 99% used [0x0000000080000000,0x0000000089fda3e0,0x000000008a000000)
 Metaspace       used 71460K, committed 73024K, reserved 1179648K
  class space    used 7183K, committed 7808K, reserved 1048576K
}
Event: 17.230 GC heap before
{Heap before GC invocations=283 (full 3):
 PSYoungGen      total 7680K, used 7652K [0x00000000d5580000, 0x00000000d5f00000, 0x0000000100000000)
  eden space 6656K, 100% used [0x00000000d5580000,0x00000000d5c00000,0x00000000d5c00000)
  from space 1024K, 97% used [0x00000000d5c00000,0x00000000d5cf9210,0x00000000d5d00000)
  to   space 1536K, 0% used [0x00000000d5d80000,0x00000000d5d80000,0x00000000d5f00000)
 ParOldGen       total 163840K, used 163688K [0x0000000080000000, 0x000000008a000000, 0x00000000d5580000)
  object space 163840K, 99% used [0x0000000080000000,0x0000000089fda3e0,0x000000008a000000)
 Metaspace       used 71460K, committed 73024K, reserved 1179648K
  class space    used 7183K, committed 7808K, reserved 1048576K
}
Event: 17.231 GC heap after
{Heap after GC invocations=283 (full 3):
 PSYoungGen      total 7680K, used 704K [0x00000000d5580000, 0x00000000d5e80000, 0x0000000100000000)
  eden space 6656K, 0% used [0x00000000d5580000,0x00000000d5580000,0x00000000d5c00000)
  from space 1024K, 68% used [0x00000000d5d80000,0x00000000d5e30020,0x00000000d5e80000)
  to   space 1024K, 0% used [0x00000000d5c00000,0x00000000d5c00000,0x00000000d5d00000)
 ParOldGen       total 164864K, used 164475K [0x0000000080000000, 0x000000008a100000, 0x00000000d5580000)
  object space 164864K, 99% used [0x0000000080000000,0x000000008a09eed0,0x000000008a100000)
 Metaspace       used 71460K, committed 73024K, reserved 1179648K
  class space    used 7183K, committed 7808K, reserved 1048576K
}
Event: 17.254 GC heap before
{Heap before GC invocations=284 (full 3):
 PSYoungGen      total 7680K, used 7360K [0x00000000d5580000, 0x00000000d5e80000, 0x0000000100000000)
  eden space 6656K, 100% used [0x00000000d5580000,0x00000000d5c00000,0x00000000d5c00000)
  from space 1024K, 68% used [0x00000000d5d80000,0x00000000d5e30020,0x00000000d5e80000)
  to   space 1024K, 0% used [0x00000000d5c00000,0x00000000d5c00000,0x00000000d5d00000)
 ParOldGen       total 164864K, used 164475K [0x0000000080000000, 0x000000008a100000, 0x00000000d5580000)
  object space 164864K, 99% used [0x0000000080000000,0x000000008a09eed0,0x000000008a100000)
 Metaspace       used 71463K, committed 73024K, reserved 1179648K
  class space    used 7183K, committed 7808K, reserved 1048576K
}
Event: 17.256 GC heap after
{Heap after GC invocations=284 (full 3):
 PSYoungGen      total 7680K, used 848K [0x00000000d5580000, 0x00000000d5e00000, 0x0000000100000000)
  eden space 6656K, 0% used [0x00000000d5580000,0x00000000d5580000,0x00000000d5c00000)
  from space 1024K, 82% used [0x00000000d5c00000,0x00000000d5cd4010,0x00000000d5d00000)
  to   space 1024K, 0% used [0x00000000d5d00000,0x00000000d5d00000,0x00000000d5e00000)
 ParOldGen       total 165376K, used 164995K [0x0000000080000000, 0x000000008a180000, 0x00000000d5580000)
  object space 165376K, 99% used [0x0000000080000000,0x000000008a120ef0,0x000000008a180000)
 Metaspace       used 71463K, committed 73024K, reserved 1179648K
  class space    used 7183K, committed 7808K, reserved 1048576K
}
Event: 17.272 GC heap before
{Heap before GC invocations=285 (full 3):
 PSYoungGen      total 7680K, used 7504K [0x00000000d5580000, 0x00000000d5e00000, 0x0000000100000000)
  eden space 6656K, 100% used [0x00000000d5580000,0x00000000d5c00000,0x00000000d5c00000)
  from space 1024K, 82% used [0x00000000d5c00000,0x00000000d5cd4010,0x00000000d5d00000)
  to   space 1024K, 0% used [0x00000000d5d00000,0x00000000d5d00000,0x00000000d5e00000)
 ParOldGen       total 165376K, used 164995K [0x0000000080000000, 0x000000008a180000, 0x00000000d5580000)
  object space 165376K, 99% used [0x0000000080000000,0x000000008a120ef0,0x000000008a180000)
 Metaspace       used 71467K, committed 73024K, reserved 1179648K
  class space    used 7183K, committed 7808K, reserved 1048576K
}
Event: 17.274 GC heap after
{Heap after GC invocations=285 (full 3):
 PSYoungGen      total 7680K, used 832K [0x00000000d5580000, 0x00000000d5e00000, 0x0000000100000000)
  eden space 6656K, 0% used [0x00000000d5580000,0x00000000d5580000,0x00000000d5c00000)
  from space 1024K, 81% used [0x00000000d5d00000,0x00000000d5dd0020,0x00000000d5e00000)
  to   space 1024K, 0% used [0x00000000d5c00000,0x00000000d5c00000,0x00000000d5d00000)
 ParOldGen       total 165888K, used 165683K [0x0000000080000000, 0x000000008a200000, 0x00000000d5580000)
  object space 165888K, 99% used [0x0000000080000000,0x000000008a1ccf30,0x000000008a200000)
 Metaspace       used 71467K, committed 73024K, reserved 1179648K
  class space    used 7183K, committed 7808K, reserved 1048576K
}
Event: 17.353 GC heap before
{Heap before GC invocations=286 (full 3):
 PSYoungGen      total 7680K, used 7488K [0x00000000d5580000, 0x00000000d5e00000, 0x0000000100000000)
  eden space 6656K, 100% used [0x00000000d5580000,0x00000000d5c00000,0x00000000d5c00000)
  from space 1024K, 81% used [0x00000000d5d00000,0x00000000d5dd0020,0x00000000d5e00000)
  to   space 1024K, 0% used [0x00000000d5c00000,0x00000000d5c00000,0x00000000d5d00000)
 ParOldGen       total 165888K, used 165683K [0x0000000080000000, 0x000000008a200000, 0x00000000d5580000)
  object space 165888K, 99% used [0x0000000080000000,0x000000008a1ccf30,0x000000008a200000)
 Metaspace       used 71483K, committed 73024K, reserved 1179648K
  class space    used 7183K, committed 7808K, reserved 1048576K
}
Event: 17.363 GC heap after
{Heap after GC invocations=286 (full 3):
 PSYoungGen      total 7680K, used 996K [0x00000000d5580000, 0x00000000d6000000, 0x0000000100000000)
  eden space 6656K, 0% used [0x00000000d5580000,0x00000000d5580000,0x00000000d5c00000)
  from space 1024K, 97% used [0x00000000d5c00000,0x00000000d5cf9210,0x00000000d5d00000)
  to   space 2048K, 0% used [0x00000000d5e00000,0x00000000d5e00000,0x00000000d6000000)
 ParOldGen       total 166400K, used 166366K [0x0000000080000000, 0x000000008a280000, 0x00000000d5580000)
  object space 166400K, 99% used [0x0000000080000000,0x000000008a277ae8,0x000000008a280000)
 Metaspace       used 71483K, committed 73024K, reserved 1179648K
  class space    used 7183K, committed 7808K, reserved 1048576K
}
Event: 17.486 GC heap before
{Heap before GC invocations=287 (full 3):
 PSYoungGen      total 7680K, used 7652K [0x00000000d5580000, 0x00000000d6000000, 0x0000000100000000)
  eden space 6656K, 100% used [0x00000000d5580000,0x00000000d5c00000,0x00000000d5c00000)
  from space 1024K, 97% used [0x00000000d5c00000,0x00000000d5cf9210,0x00000000d5d00000)
  to   space 2048K, 0% used [0x00000000d5e00000,0x00000000d5e00000,0x00000000d6000000)
 ParOldGen       total 166400K, used 166366K [0x0000000080000000, 0x000000008a280000, 0x00000000d5580000)
  object space 166400K, 99% used [0x0000000080000000,0x000000008a277ae8,0x000000008a280000)
 Metaspace       used 71491K, committed 73024K, reserved 1179648K
  class space    used 7183K, committed 7808K, reserved 1048576K
}
Event: 17.496 GC heap after
{Heap after GC invocations=287 (full 3):
 PSYoungGen      total 8192K, used 1147K [0x00000000d5580000, 0x00000000d5f80000, 0x0000000100000000)
  eden space 6656K, 0% used [0x00000000d5580000,0x00000000d5580000,0x00000000d5c00000)
  from space 1536K, 74% used [0x00000000d5e00000,0x00000000d5f1ef70,0x00000000d5f80000)
  to   space 1536K, 0% used [0x00000000d5c80000,0x00000000d5c80000,0x00000000d5e00000)
 ParOldGen       total 167424K, used 167296K [0x0000000080000000, 0x000000008a380000, 0x00000000d5580000)
  object space 167424K, 99% used [0x0000000080000000,0x000000008a360208,0x000000008a380000)
 Metaspace       used 71491K, committed 73024K, reserved 1179648K
  class space    used 7183K, committed 7808K, reserved 1048576K
}
Event: 17.519 GC heap before
{Heap before GC invocations=288 (full 3):
 PSYoungGen      total 8192K, used 7803K [0x00000000d5580000, 0x00000000d5f80000, 0x0000000100000000)
  eden space 6656K, 100% used [0x00000000d5580000,0x00000000d5c00000,0x00000000d5c00000)
  from space 1536K, 74% used [0x00000000d5e00000,0x00000000d5f1ef70,0x00000000d5f80000)
  to   space 1536K, 0% used [0x00000000d5c80000,0x00000000d5c80000,0x00000000d5e00000)
 ParOldGen       total 167424K, used 167296K [0x0000000080000000, 0x000000008a380000, 0x00000000d5580000)
  object space 167424K, 99% used [0x0000000080000000,0x000000008a360208,0x000000008a380000)
 Metaspace       used 71497K, committed 73024K, reserved 1179648K
  class space    used 7183K, committed 7808K, reserved 1048576K
}
Event: 17.521 GC heap after
{Heap after GC invocations=288 (full 3):
 PSYoungGen      total 7680K, used 656K [0x00000000d5580000, 0x00000000d5e80000, 0x0000000100000000)
  eden space 6656K, 0% used [0x00000000d5580000,0x00000000d5580000,0x00000000d5c00000)
  from space 1024K, 64% used [0x00000000d5c80000,0x00000000d5d24010,0x00000000d5d80000)
  to   space 1024K, 0% used [0x00000000d5d80000,0x00000000d5d80000,0x00000000d5e80000)
 ParOldGen       total 168448K, used 168284K [0x0000000080000000, 0x000000008a480000, 0x00000000d5580000)
  object space 168448K, 99% used [0x0000000080000000,0x000000008a4573d8,0x000000008a480000)
 Metaspace       used 71497K, committed 73024K, reserved 1179648K
  class space    used 7183K, committed 7808K, reserved 1048576K
}
Event: 17.552 GC heap before
{Heap before GC invocations=289 (full 3):
 PSYoungGen      total 7680K, used 7190K [0x00000000d5580000, 0x00000000d5e80000, 0x0000000100000000)
  eden space 6656K, 98% used [0x00000000d5580000,0x00000000d5be1818,0x00000000d5c00000)
  from space 1024K, 64% used [0x00000000d5c80000,0x00000000d5d24010,0x00000000d5d80000)
  to   space 1024K, 0% used [0x00000000d5d80000,0x00000000d5d80000,0x00000000d5e80000)
 ParOldGen       total 168448K, used 168284K [0x0000000080000000, 0x000000008a480000, 0x00000000d5580000)
  object space 168448K, 99% used [0x0000000080000000,0x000000008a4573d8,0x000000008a480000)
 Metaspace       used 71503K, committed 73024K, reserved 1179648K
  class space    used 7183K, committed 7808K, reserved 1048576K
}
Event: 17.554 GC heap after
{Heap after GC invocations=289 (full 3):
 PSYoungGen      total 7168K, used 996K [0x00000000d5580000, 0x00000000d6000000, 0x0000000100000000)
  eden space 6144K, 0% used [0x00000000d5580000,0x00000000d5580000,0x00000000d5b80000)
  from space 1024K, 97% used [0x00000000d5d80000,0x00000000d5e79210,0x00000000d5e80000)
  to   space 2048K, 0% used [0x00000000d5b80000,0x00000000d5b80000,0x00000000d5d80000)
 ParOldGen       total 168960K, used 168829K [0x0000000080000000, 0x000000008a500000, 0x00000000d5580000)
  object space 168960K, 99% used [0x0000000080000000,0x000000008a4df418,0x000000008a500000)
 Metaspace       used 71503K, committed 73024K, reserved 1179648K
  class space    used 7183K, committed 7808K, reserved 1048576K
}

