# JRE version: OpenJDK Runtime Environment Temurin-21.0.10+7 (21.0.10+7) (build 21.0.10+7-LTS)
# Java VM: OpenJDK 64-Bit Server VM Temurin-21.0.10+7 (21.0.10+7-LTS, mixed mode, sharing, tiered, compressed oops, compressed class ptrs, parallel gc, windows-amd64)
GC Precious Log:
 CardTable entry size: 512
 CPUs: 16 total, 16 available
 Memory: 6005M
 Large Page Support: Disabled
 NUMA Support: Disabled
 Compressed Oops: Enabled (32-bit)
 Alignments: Space 512K, Generation 512K, Heap 2M
 Heap Min Capacity: 100M
 Heap Initial Capacity: 100M
 Heap Max Capacity: 2G
 Pre-touch: Disabled
 Parallel Workers: 13
Heap:
 PSYoungGen      total 14848K, used 14613K [0x00000000d5580000, 0x00000000d6500000, 0x0000000100000000)
  eden space 13824K, 100% used [0x00000000d5580000,0x00000000d6300000,0x00000000d6300000)
  from space 1024K, 77% used [0x00000000d6300000,0x00000000d63c55c0,0x00000000d6400000)
  to   space 1024K, 42% used [0x00000000d6400000,0x00000000d646c988,0x00000000d6500000)
 ParOldGen       total 104448K, used 104444K [0x0000000080000000, 0x0000000086680000, 0x00000000d5580000)
  object space 104448K, 99% used [0x0000000080000000,0x00000000865ff3d8,0x0000000086600000)
 Metaspace       used 69407K, committed 70976K, reserved 1114112K
  class space    used 7011K, committed 7680K, reserved 1048576K
GC Heap History (20 events):
Event: 33.240 GC heap after
{Heap after GC invocations=77 (full 3):
 PSYoungGen      total 14848K, used 610K [0x00000000d5580000, 0x00000000d6600000, 0x0000000100000000)
  eden space 13824K, 0% used [0x00000000d5580000,0x00000000d5580000,0x00000000d6300000)
  from space 1024K, 59% used [0x00000000d6500000,0x00000000d6598970,0x00000000d6600000)
  to   space 1024K, 0% used [0x00000000d6400000,0x00000000d6400000,0x00000000d6500000)
 ParOldGen       total 101376K, used 101096K [0x0000000080000000, 0x0000000086300000, 0x00000000d5580000)
  object space 101376K, 99% used [0x0000000080000000,0x00000000862ba2d8,0x0000000086300000)
 Metaspace       used 68776K, committed 70400K, reserved 1114112K
  class space    used 6980K, committed 7680K, reserved 1048576K
}
Event: 33.317 GC heap before
{Heap before GC invocations=78 (full 3):
 PSYoungGen      total 14848K, used 14434K [0x00000000d5580000, 0x00000000d6600000, 0x0000000100000000)
  eden space 13824K, 100% used [0x00000000d5580000,0x00000000d6300000,0x00000000d6300000)
  from space 1024K, 59% used [0x00000000d6500000,0x00000000d6598970,0x00000000d6600000)
  to   space 1024K, 0% used [0x00000000d6400000,0x00000000d6400000,0x00000000d6500000)
 ParOldGen       total 101376K, used 101096K [0x0000000080000000, 0x0000000086300000, 0x00000000d5580000)
  object space 101376K, 99% used [0x0000000080000000,0x00000000862ba2d8,0x0000000086300000)
 Metaspace       used 69221K, committed 70848K, reserved 1114112K
  class space    used 7004K, committed 7680K, reserved 1048576K
}
Event: 33.323 GC heap after
{Heap after GC invocations=78 (full 3):
 PSYoungGen      total 14848K, used 765K [0x00000000d5580000, 0x00000000d6580000, 0x0000000100000000)
  eden space 13824K, 0% used [0x00000000d5580000,0x00000000d5580000,0x00000000d6300000)
  from space 1024K, 74% used [0x00000000d6400000,0x00000000d64bf558,0x00000000d6500000)
  to   space 512K, 0% used [0x00000000d6500000,0x00000000d6500000,0x00000000d6580000)
 ParOldGen       total 101376K, used 101232K [0x0000000080000000, 0x0000000086300000, 0x00000000d5580000)
  object space 101376K, 99% used [0x0000000080000000,0x00000000862dc2e8,0x0000000086300000)
 Metaspace       used 69221K, committed 70848K, reserved 1114112K
  class space    used 7004K, committed 7680K, reserved 1048576K
}
Event: 33.409 GC heap before
{Heap before GC invocations=79 (full 3):
 PSYoungGen      total 14848K, used 14589K [0x00000000d5580000, 0x00000000d6580000, 0x0000000100000000)
  eden space 13824K, 100% used [0x00000000d5580000,0x00000000d6300000,0x00000000d6300000)
  from space 1024K, 74% used [0x00000000d6400000,0x00000000d64bf558,0x00000000d6500000)
  to   space 512K, 0% used [0x00000000d6500000,0x00000000d6500000,0x00000000d6580000)
 ParOldGen       total 101376K, used 101232K [0x0000000080000000, 0x0000000086300000, 0x00000000d5580000)
  object space 101376K, 99% used [0x0000000080000000,0x00000000862dc2e8,0x0000000086300000)
 Metaspace       used 69352K, committed 70912K, reserved 1114112K
  class space    used 7010K, committed 7680K, reserved 1048576K
}
Event: 33.416 GC heap after
{Heap after GC invocations=79 (full 3):
 PSYoungGen      total 14336K, used 488K [0x00000000d5580000, 0x00000000d6600000, 0x0000000100000000)
  eden space 13824K, 0% used [0x00000000d5580000,0x00000000d5580000,0x00000000d6300000)
  from space 512K, 95% used [0x00000000d6500000,0x00000000d657a3c0,0x00000000d6580000)
  to   space 1536K, 0% used [0x00000000d6300000,0x00000000d6300000,0x00000000d6480000)
 ParOldGen       total 102400K, used 101897K [0x0000000080000000, 0x0000000086400000, 0x00000000d5580000)
  object space 102400K, 99% used [0x0000000080000000,0x00000000863825b8,0x0000000086400000)
 Metaspace       used 69352K, committed 70912K, reserved 1114112K
  class space    used 7010K, committed 7680K, reserved 1048576K
}
Event: 33.454 GC heap before
{Heap before GC invocations=80 (full 3):
 PSYoungGen      total 14336K, used 14312K [0x00000000d5580000, 0x00000000d6600000, 0x0000000100000000)
  eden space 13824K, 100% used [0x00000000d5580000,0x00000000d6300000,0x00000000d6300000)
  from space 512K, 95% used [0x00000000d6500000,0x00000000d657a3c0,0x00000000d6580000)
  to   space 1536K, 0% used [0x00000000d6300000,0x00000000d6300000,0x00000000d6480000)
 ParOldGen       total 102400K, used 101897K [0x0000000080000000, 0x0000000086400000, 0x00000000d5580000)
  object space 102400K, 99% used [0x0000000080000000,0x00000000863825b8,0x0000000086400000)
 Metaspace       used 69386K, committed 70976K, reserved 1114112K
  class space    used 7011K, committed 7680K, reserved 1048576K
}
Event: 33.456 GC heap after
{Heap after GC invocations=80 (full 3):
 PSYoungGen      total 15360K, used 648K [0x00000000d5580000, 0x00000000d6580000, 0x0000000100000000)
  eden space 13824K, 0% used [0x00000000d5580000,0x00000000d5580000,0x00000000d6300000)
  from space 1536K, 42% used [0x00000000d6300000,0x00000000d63a2078,0x00000000d6480000)
  to   space 1024K, 0% used [0x00000000d6480000,0x00000000d6480000,0x00000000d6580000)
 ParOldGen       total 102400K, used 102017K [0x0000000080000000, 0x0000000086400000, 0x00000000d5580000)
  object space 102400K, 99% used [0x0000000080000000,0x00000000863a05b8,0x0000000086400000)
 Metaspace       used 69386K, committed 70976K, reserved 1114112K
  class space    used 7011K, committed 7680K, reserved 1048576K
}
Event: 33.481 GC heap before
{Heap before GC invocations=81 (full 3):
 PSYoungGen      total 15360K, used 14472K [0x00000000d5580000, 0x00000000d6580000, 0x0000000100000000)
  eden space 13824K, 100% used [0x00000000d5580000,0x00000000d6300000,0x00000000d6300000)
  from space 1536K, 42% used [0x00000000d6300000,0x00000000d63a2078,0x00000000d6480000)
  to   space 1024K, 0% used [0x00000000d6480000,0x00000000d6480000,0x00000000d6580000)
 ParOldGen       total 102400K, used 102017K [0x0000000080000000, 0x0000000086400000, 0x00000000d5580000)
  object space 102400K, 99% used [0x0000000080000000,0x00000000863a05b8,0x0000000086400000)
 Metaspace       used 69394K, committed 70976K, reserved 1114112K
  class space    used 7011K, committed 7680K, reserved 1048576K
}
Event: 33.483 GC heap after
{Heap after GC invocations=81 (full 3):
 PSYoungGen      total 14848K, used 553K [0x00000000d5580000, 0x00000000d6580000, 0x0000000100000000)
  eden space 13824K, 0% used [0x00000000d5580000,0x00000000d5580000,0x00000000d6300000)
  from space 1024K, 54% used [0x00000000d6480000,0x00000000d650a718,0x00000000d6580000)
  to   space 1024K, 0% used [0x00000000d6380000,0x00000000d6380000,0x00000000d6480000)
 ParOldGen       total 102400K, used 102349K [0x0000000080000000, 0x0000000086400000, 0x00000000d5580000)
  object space 102400K, 99% used [0x0000000080000000,0x00000000863f3428,0x0000000086400000)
 Metaspace       used 69394K, committed 70976K, reserved 1114112K
  class space    used 7011K, committed 7680K, reserved 1048576K
}
Event: 33.511 GC heap before
{Heap before GC invocations=82 (full 3):
 PSYoungGen      total 14848K, used 14377K [0x00000000d5580000, 0x00000000d6580000, 0x0000000100000000)
  eden space 13824K, 100% used [0x00000000d5580000,0x00000000d6300000,0x00000000d6300000)
  from space 1024K, 54% used [0x00000000d6480000,0x00000000d650a718,0x00000000d6580000)
  to   space 1024K, 0% used [0x00000000d6380000,0x00000000d6380000,0x00000000d6480000)
 ParOldGen       total 102400K, used 102349K [0x0000000080000000, 0x0000000086400000, 0x00000000d5580000)
  object space 102400K, 99% used [0x0000000080000000,0x00000000863f3428,0x0000000086400000)
 Metaspace       used 69394K, committed 70976K, reserved 1114112K
  class space    used 7011K, committed 7680K, reserved 1048576K
}
Event: 33.513 GC heap after
{Heap after GC invocations=82 (full 3):
 PSYoungGen      total 14848K, used 1015K [0x00000000d5580000, 0x00000000d6600000, 0x0000000100000000)
  eden space 13824K, 0% used [0x00000000d5580000,0x00000000d5580000,0x00000000d6300000)
  from space 1024K, 99% used [0x00000000d6380000,0x00000000d647df80,0x00000000d6480000)
  to   space 1536K, 0% used [0x00000000d6480000,0x00000000d6480000,0x00000000d6600000)
 ParOldGen       total 102912K, used 102600K [0x0000000080000000, 0x0000000086480000, 0x00000000d5580000)
  object space 102912K, 99% used [0x0000000080000000,0x00000000864322e0,0x0000000086480000)
 Metaspace       used 69394K, committed 70976K, reserved 1114112K
  class space    used 7011K, committed 7680K, reserved 1048576K
}
Event: 33.554 GC heap before
{Heap before GC invocations=83 (full 3):
 PSYoungGen      total 14848K, used 14839K [0x00000000d5580000, 0x00000000d6600000, 0x0000000100000000)
  eden space 13824K, 100% used [0x00000000d5580000,0x00000000d6300000,0x00000000d6300000)
  from space 1024K, 99% used [0x00000000d6380000,0x00000000d647df80,0x00000000d6480000)
  to   space 1536K, 0% used [0x00000000d6480000,0x00000000d6480000,0x00000000d6600000)
 ParOldGen       total 102912K, used 102600K [0x0000000080000000, 0x0000000086480000, 0x00000000d5580000)
  object space 102912K, 99% used [0x0000000080000000,0x00000000864322e0,0x0000000086480000)
 Metaspace       used 69394K, committed 70976K, reserved 1114112K
  class space    used 7011K, committed 7680K, reserved 1048576K
}
Event: 33.556 GC heap after
{Heap after GC invocations=83 (full 3):
 PSYoungGen      total 14336K, used 491K [0x00000000d5580000, 0x00000000d6500000, 0x0000000100000000)
  eden space 13824K, 0% used [0x00000000d5580000,0x00000000d5580000,0x00000000d6300000)
  from space 512K, 95% used [0x00000000d6480000,0x00000000d64fad60,0x00000000d6500000)
  to   space 1024K, 0% used [0x00000000d6300000,0x00000000d6300000,0x00000000d6400000)
 ParOldGen       total 103424K, used 103311K [0x0000000080000000, 0x0000000086500000, 0x00000000d5580000)
  object space 103424K, 99% used [0x0000000080000000,0x00000000864e3d80,0x0000000086500000)
 Metaspace       used 69394K, committed 70976K, reserved 1114112K
  class space    used 7011K, committed 7680K, reserved 1048576K
}
Event: 33.589 GC heap before
{Heap before GC invocations=84 (full 3):
 PSYoungGen      total 14336K, used 14315K [0x00000000d5580000, 0x00000000d6500000, 0x0000000100000000)
  eden space 13824K, 100% used [0x00000000d5580000,0x00000000d6300000,0x00000000d6300000)
  from space 512K, 95% used [0x00000000d6480000,0x00000000d64fad60,0x00000000d6500000)
  to   space 1024K, 0% used [0x00000000d6300000,0x00000000d6300000,0x00000000d6400000)
 ParOldGen       total 103424K, used 103311K [0x0000000080000000, 0x0000000086500000, 0x00000000d5580000)
  object space 103424K, 99% used [0x0000000080000000,0x00000000864e3d80,0x0000000086500000)
 Metaspace       used 69394K, committed 70976K, reserved 1114112K
  class space    used 7011K, committed 7680K, reserved 1048576K
}
Event: 33.591 GC heap after
{Heap after GC invocations=84 (full 3):
 PSYoungGen      total 14848K, used 554K [0x00000000d5580000, 0x00000000d6500000, 0x0000000100000000)
  eden space 13824K, 0% used [0x00000000d5580000,0x00000000d5580000,0x00000000d6300000)
  from space 1024K, 54% used [0x00000000d6300000,0x00000000d638ab90,0x00000000d6400000)
  to   space 1024K, 0% used [0x00000000d6400000,0x00000000d6400000,0x00000000d6500000)
 ParOldGen       total 103936K, used 103573K [0x0000000080000000, 0x0000000086580000, 0x00000000d5580000)
  object space 103936K, 99% used [0x0000000080000000,0x0000000086525530,0x0000000086580000)
 Metaspace       used 69394K, committed 70976K, reserved 1114112K
  class space    used 7011K, committed 7680K, reserved 1048576K
}
Event: 33.622 GC heap before
{Heap before GC invocations=85 (full 3):
 PSYoungGen      total 14848K, used 14378K [0x00000000d5580000, 0x00000000d6500000, 0x0000000100000000)
  eden space 13824K, 100% used [0x00000000d5580000,0x00000000d6300000,0x00000000d6300000)
  from space 1024K, 54% used [0x00000000d6300000,0x00000000d638ab90,0x00000000d6400000)
  to   space 1024K, 0% used [0x00000000d6400000,0x00000000d6400000,0x00000000d6500000)
 ParOldGen       total 103936K, used 103573K [0x0000000080000000, 0x0000000086580000, 0x00000000d5580000)
  object space 103936K, 99% used [0x0000000080000000,0x0000000086525530,0x0000000086580000)
 Metaspace       used 69395K, committed 70976K, reserved 1114112K
  class space    used 7011K, committed 7680K, reserved 1048576K
}
Event: 33.625 GC heap after
{Heap after GC invocations=85 (full 3):
 PSYoungGen      total 14848K, used 686K [0x00000000d5580000, 0x00000000d6500000, 0x0000000100000000)
  eden space 13824K, 0% used [0x00000000d5580000,0x00000000d5580000,0x00000000d6300000)
  from space 1024K, 67% used [0x00000000d6400000,0x00000000d64ab9c0,0x00000000d6500000)
  to   space 1024K, 0% used [0x00000000d6300000,0x00000000d6300000,0x00000000d6400000)
 ParOldGen       total 103936K, used 103923K [0x0000000080000000, 0x0000000086580000, 0x00000000d5580000)
  object space 103936K, 99% used [0x0000000080000000,0x000000008657cc30,0x0000000086580000)
 Metaspace       used 69395K, committed 70976K, reserved 1114112K
  class space    used 7011K, committed 7680K, reserved 1048576K
}
Event: 33.649 GC heap before
{Heap before GC invocations=86 (full 3):
 PSYoungGen      total 14848K, used 14510K [0x00000000d5580000, 0x00000000d6500000, 0x0000000100000000)
  eden space 13824K, 100% used [0x00000000d5580000,0x00000000d6300000,0x00000000d6300000)
  from space 1024K, 67% used [0x00000000d6400000,0x00000000d64ab9c0,0x00000000d6500000)
  to   space 1024K, 0% used [0x00000000d6300000,0x00000000d6300000,0x00000000d6400000)
 ParOldGen       total 103936K, used 103923K [0x0000000080000000, 0x0000000086580000, 0x00000000d5580000)
  object space 103936K, 99% used [0x0000000080000000,0x000000008657cc30,0x0000000086580000)
 Metaspace       used 69407K, committed 70976K, reserved 1114112K
  class space    used 7011K, committed 7680K, reserved 1048576K
}
Event: 33.650 GC heap after
{Heap after GC invocations=86 (full 3):
 PSYoungGen      total 14848K, used 789K [0x00000000d5580000, 0x00000000d6500000, 0x0000000100000000)
  eden space 13824K, 0% used [0x00000000d5580000,0x00000000d5580000,0x00000000d6300000)
  from space 1024K, 77% used [0x00000000d6300000,0x00000000d63c55c0,0x00000000d6400000)
  to   space 1024K, 0% used [0x00000000d6400000,0x00000000d6400000,0x00000000d6500000)
 ParOldGen       total 104448K, used 104186K [0x0000000080000000, 0x0000000086600000, 0x00000000d5580000)
  object space 104448K, 99% used [0x0000000080000000,0x00000000865beae0,0x0000000086600000)
 Metaspace       used 69407K, committed 70976K, reserved 1114112K
  class space    used 7011K, committed 7680K, reserved 1048576K
}
Event: 33.671 GC heap before
{Heap before GC invocations=87 (full 3):
 PSYoungGen      total 14848K, used 14613K [0x00000000d5580000, 0x00000000d6500000, 0x0000000100000000)
  eden space 13824K, 100% used [0x00000000d5580000,0x00000000d6300000,0x00000000d6300000)
  from space 1024K, 77% used [0x00000000d6300000,0x00000000d63c55c0,0x00000000d6400000)
  to   space 1024K, 0% used [0x00000000d6400000,0x00000000d6400000,0x00000000d6500000)
 ParOldGen       total 104448K, used 104186K [0x0000000080000000, 0x0000000086600000, 0x00000000d5580000)
  object space 104448K, 99% used [0x0000000080000000,0x00000000865beae0,0x0000000086600000)
 Metaspace       used 69407K, committed 70976K, reserved 1114112K
  class space    used 7011K, committed 7680K, reserved 1048576K
}

