# JRE version: OpenJDK Runtime Environment Temurin-21.0.10+7 (21.0.10+7) (build 21.0.10+7-LTS)
# Java VM: OpenJDK 64-Bit Server VM Temurin-21.0.10+7 (21.0.10+7-LTS, mixed mode, sharing, tiered, compressed oops, compressed class ptrs, parallel gc, windows-amd64)
GC Precious Log:
 CardTable entry size: 512
 CPUs: 16 total, 16 available
 Memory: 6005M
 Large Page Support: Disabled
 NUMA Support: Disabled
 Compressed Oops: Enabled (32-bit)
 Alignments: Space 512K, Generation 512K, Heap 2M
 Heap Min Capacity: 100M
 Heap Initial Capacity: 100M
 Heap Max Capacity: 2G
 Pre-touch: Disabled
 Parallel Workers: 13
Heap:
 PSYoungGen      total 3584K, used 2982K [0x00000000d5580000, 0x00000000d5a80000, 0x0000000100000000)
  eden space 3072K, 83% used [0x00000000d5580000,0x00000000d57fd8b0,0x00000000d5880000)
  from space 512K, 84% used [0x00000000d5a00000,0x00000000d5a6c010,0x00000000d5a80000)
  to   space 512K, 0% used [0x00000000d5980000,0x00000000d5980000,0x00000000d5a00000)
 ParOldGen       total 239616K, used 239419K [0x0000000080000000, 0x000000008ea00000, 0x00000000d5580000)
  object space 239616K, 99% used [0x0000000080000000,0x000000008e9cef78,0x000000008ea00000)
 Metaspace       used 73990K, committed 75712K, reserved 1179648K
  class space    used 7765K, committed 8512K, reserved 1048576K
GC Heap History (20 events):
Event: 1307.596 GC heap before
{Heap before GC invocations=242 (full 3):
 PSYoungGen      total 4096K, used 3787K [0x00000000d5580000, 0x00000000d5a80000, 0x0000000100000000)
  eden space 3072K, 100% used [0x00000000d5580000,0x00000000d5880000,0x00000000d5880000)
  from space 1024K, 69% used [0x00000000d5980000,0x00000000d5a32eb0,0x00000000d5a80000)
  to   space 1024K, 0% used [0x00000000d5880000,0x00000000d5880000,0x00000000d5980000)
 ParOldGen       total 235520K, used 235501K [0x0000000080000000, 0x000000008e600000, 0x00000000d5580000)
  object space 235520K, 99% used [0x0000000080000000,0x000000008e5fb560,0x000000008e600000)
 Metaspace       used 73173K, committed 74752K, reserved 1179648K
  class space    used 7699K, committed 8384K, reserved 1048576K
}
Event: 1307.598 GC heap after
{Heap after GC invocations=242 (full 3):
 PSYoungGen      total 4096K, used 1020K [0x00000000d5580000, 0x00000000d5c80000, 0x0000000100000000)
  eden space 3072K, 0% used [0x00000000d5580000,0x00000000d5580000,0x00000000d5880000)
  from space 1024K, 99% used [0x00000000d5880000,0x00000000d597f0c0,0x00000000d5980000)
  to   space 2048K, 0% used [0x00000000d5a80000,0x00000000d5a80000,0x00000000d5c80000)
 ParOldGen       total 236544K, used 236199K [0x0000000080000000, 0x000000008e700000, 0x00000000d5580000)
  object space 236544K, 99% used [0x0000000080000000,0x000000008e6a9cf8,0x000000008e700000)
 Metaspace       used 73173K, committed 74752K, reserved 1179648K
  class space    used 7699K, committed 8384K, reserved 1048576K
}
Event: 1307.626 GC heap before
{Heap before GC invocations=243 (full 3):
 PSYoungGen      total 4096K, used 4092K [0x00000000d5580000, 0x00000000d5c80000, 0x0000000100000000)
  eden space 3072K, 100% used [0x00000000d5580000,0x00000000d5880000,0x00000000d5880000)
  from space 1024K, 99% used [0x00000000d5880000,0x00000000d597f0c0,0x00000000d5980000)
  to   space 2048K, 0% used [0x00000000d5a80000,0x00000000d5a80000,0x00000000d5c80000)
 ParOldGen       total 236544K, used 236199K [0x0000000080000000, 0x000000008e700000, 0x00000000d5580000)
  object space 236544K, 99% used [0x0000000080000000,0x000000008e6a9cf8,0x000000008e700000)
 Metaspace       used 73181K, committed 74816K, reserved 1179648K
  class space    used 7699K, committed 8384K, reserved 1048576K
}
Event: 1307.628 GC heap after
{Heap after GC invocations=243 (full 3):
 PSYoungGen      total 4096K, used 800K [0x00000000d5580000, 0x00000000d5b80000, 0x0000000100000000)
  eden space 3072K, 0% used [0x00000000d5580000,0x00000000d5580000,0x00000000d5880000)
  from space 1024K, 78% used [0x00000000d5a80000,0x00000000d5b48010,0x00000000d5b80000)
  to   space 1536K, 0% used [0x00000000d5880000,0x00000000d5880000,0x00000000d5a00000)
 ParOldGen       total 237568K, used 237179K [0x0000000080000000, 0x000000008e800000, 0x00000000d5580000)
  object space 237568K, 99% used [0x0000000080000000,0x000000008e79ecd8,0x000000008e800000)
 Metaspace       used 73181K, committed 74816K, reserved 1179648K
  class space    used 7699K, committed 8384K, reserved 1048576K
}
Event: 1307.680 GC heap before
{Heap before GC invocations=244 (full 3):
 PSYoungGen      total 4096K, used 3872K [0x00000000d5580000, 0x00000000d5b80000, 0x0000000100000000)
  eden space 3072K, 100% used [0x00000000d5580000,0x00000000d5880000,0x00000000d5880000)
  from space 1024K, 78% used [0x00000000d5a80000,0x00000000d5b48010,0x00000000d5b80000)
  to   space 1536K, 0% used [0x00000000d5880000,0x00000000d5880000,0x00000000d5a00000)
 ParOldGen       total 237568K, used 237179K [0x0000000080000000, 0x000000008e800000, 0x00000000d5580000)
  object space 237568K, 99% used [0x0000000080000000,0x000000008e79ecd8,0x000000008e800000)
 Metaspace       used 73258K, committed 74880K, reserved 1179648K
  class space    used 7700K, committed 8384K, reserved 1048576K
}
Event: 1307.681 GC heap after
{Heap after GC invocations=244 (full 3):
 PSYoungGen      total 4608K, used 672K [0x00000000d5580000, 0x00000000d5b00000, 0x0000000100000000)
  eden space 3072K, 0% used [0x00000000d5580000,0x00000000d5580000,0x00000000d5880000)
  from space 1536K, 43% used [0x00000000d5880000,0x00000000d5928000,0x00000000d5a00000)
  to   space 1024K, 0% used [0x00000000d5a00000,0x00000000d5a00000,0x00000000d5b00000)
 ParOldGen       total 238080K, used 237806K [0x0000000080000000, 0x000000008e880000, 0x00000000d5580000)
  object space 238080K, 99% used [0x0000000080000000,0x000000008e83bb68,0x000000008e880000)
 Metaspace       used 73258K, committed 74880K, reserved 1179648K
  class space    used 7700K, committed 8384K, reserved 1048576K
}
Event: 1307.910 GC heap before
{Heap before GC invocations=245 (full 3):
 PSYoungGen      total 4608K, used 3744K [0x00000000d5580000, 0x00000000d5b00000, 0x0000000100000000)
  eden space 3072K, 100% used [0x00000000d5580000,0x00000000d5880000,0x00000000d5880000)
  from space 1536K, 43% used [0x00000000d5880000,0x00000000d5928000,0x00000000d5a00000)
  to   space 1024K, 0% used [0x00000000d5a00000,0x00000000d5a00000,0x00000000d5b00000)
 ParOldGen       total 238080K, used 237806K [0x0000000080000000, 0x000000008e880000, 0x00000000d5580000)
  object space 238080K, 99% used [0x0000000080000000,0x000000008e83bb68,0x000000008e880000)
 Metaspace       used 73533K, committed 75200K, reserved 1179648K
  class space    used 7714K, committed 8448K, reserved 1048576K
}
Event: 1307.912 GC heap after
{Heap after GC invocations=245 (full 3):
 PSYoungGen      total 4096K, used 704K [0x00000000d5580000, 0x00000000d5b00000, 0x0000000100000000)
  eden space 3072K, 0% used [0x00000000d5580000,0x00000000d5580000,0x00000000d5880000)
  from space 1024K, 68% used [0x00000000d5a00000,0x00000000d5ab0000,0x00000000d5b00000)
  to   space 1024K, 0% used [0x00000000d5900000,0x00000000d5900000,0x00000000d5a00000)
 ParOldGen       total 238592K, used 238166K [0x0000000080000000, 0x000000008e900000, 0x00000000d5580000)
  object space 238592K, 99% used [0x0000000080000000,0x000000008e895928,0x000000008e900000)
 Metaspace       used 73533K, committed 75200K, reserved 1179648K
  class space    used 7714K, committed 8448K, reserved 1048576K
}
Event: 1307.954 GC heap before
{Heap before GC invocations=246 (full 3):
 PSYoungGen      total 4096K, used 3751K [0x00000000d5580000, 0x00000000d5b00000, 0x0000000100000000)
  eden space 3072K, 99% used [0x00000000d5580000,0x00000000d5879e78,0x00000000d5880000)
  from space 1024K, 68% used [0x00000000d5a00000,0x00000000d5ab0000,0x00000000d5b00000)
  to   space 1024K, 0% used [0x00000000d5900000,0x00000000d5900000,0x00000000d5a00000)
 ParOldGen       total 238592K, used 238166K [0x0000000080000000, 0x000000008e900000, 0x00000000d5580000)
  object space 238592K, 99% used [0x0000000080000000,0x000000008e895928,0x000000008e900000)
 Metaspace       used 73553K, committed 75200K, reserved 1179648K
  class space    used 7716K, committed 8448K, reserved 1048576K
}
Event: 1307.956 GC heap after
{Heap after GC invocations=246 (full 3):
 PSYoungGen      total 4096K, used 378K [0x00000000d5580000, 0x00000000d5a80000, 0x0000000100000000)
  eden space 3072K, 0% used [0x00000000d5580000,0x00000000d5580000,0x00000000d5880000)
  from space 1024K, 36% used [0x00000000d5900000,0x00000000d595e900,0x00000000d5a00000)
  to   space 512K, 0% used [0x00000000d5a00000,0x00000000d5a00000,0x00000000d5a80000)
 ParOldGen       total 239104K, used 238707K [0x0000000080000000, 0x000000008e980000, 0x00000000d5580000)
  object space 239104K, 99% used [0x0000000080000000,0x000000008e91cf48,0x000000008e980000)
 Metaspace       used 73553K, committed 75200K, reserved 1179648K
  class space    used 7716K, committed 8448K, reserved 1048576K
}
Event: 1446.649 GC heap before
{Heap before GC invocations=247 (full 3):
 PSYoungGen      total 4096K, used 3435K [0x00000000d5580000, 0x00000000d5a80000, 0x0000000100000000)
  eden space 3072K, 99% used [0x00000000d5580000,0x00000000d587c430,0x00000000d5880000)
  from space 1024K, 36% used [0x00000000d5900000,0x00000000d595e900,0x00000000d5a00000)
  to   space 512K, 0% used [0x00000000d5a00000,0x00000000d5a00000,0x00000000d5a80000)
 ParOldGen       total 239104K, used 238707K [0x0000000080000000, 0x000000008e980000, 0x00000000d5580000)
  object space 239104K, 99% used [0x0000000080000000,0x000000008e91cf48,0x000000008e980000)
 Metaspace       used 73696K, committed 75328K, reserved 1179648K
  class space    used 7736K, committed 8448K, reserved 1048576K
}
Event: 1446.687 GC heap after
{Heap after GC invocations=247 (full 3):
 PSYoungGen      total 3584K, used 448K [0x00000000d5580000, 0x00000000d5a80000, 0x0000000100000000)
  eden space 3072K, 0% used [0x00000000d5580000,0x00000000d5580000,0x00000000d5880000)
  from space 512K, 87% used [0x00000000d5a00000,0x00000000d5a70010,0x00000000d5a80000)
  to   space 512K, 0% used [0x00000000d5980000,0x00000000d5980000,0x00000000d5a00000)
 ParOldGen       total 239104K, used 238803K [0x0000000080000000, 0x000000008e980000, 0x00000000d5580000)
  object space 239104K, 99% used [0x0000000080000000,0x000000008e934f48,0x000000008e980000)
 Metaspace       used 73696K, committed 75328K, reserved 1179648K
  class space    used 7736K, committed 8448K, reserved 1048576K
}
Event: 1446.991 GC heap before
{Heap before GC invocations=248 (full 3):
 PSYoungGen      total 3584K, used 3485K [0x00000000d5580000, 0x00000000d5a80000, 0x0000000100000000)
  eden space 3072K, 98% used [0x00000000d5580000,0x00000000d5877480,0x00000000d5880000)
  from space 512K, 87% used [0x00000000d5a00000,0x00000000d5a70010,0x00000000d5a80000)
  to   space 512K, 0% used [0x00000000d5980000,0x00000000d5980000,0x00000000d5a00000)
 ParOldGen       total 239104K, used 238803K [0x0000000080000000, 0x000000008e980000, 0x00000000d5580000)
  object space 239104K, 99% used [0x0000000080000000,0x000000008e934f48,0x000000008e980000)
 Metaspace       used 73699K, committed 75328K, reserved 1179648K
  class space    used 7736K, committed 8448K, reserved 1048576K
}
Event: 1446.996 GC heap after
{Heap after GC invocations=248 (full 3):
 PSYoungGen      total 3584K, used 480K [0x00000000d5580000, 0x00000000d5a80000, 0x0000000100000000)
  eden space 3072K, 0% used [0x00000000d5580000,0x00000000d5580000,0x00000000d5880000)
  from space 512K, 93% used [0x00000000d5980000,0x00000000d59f8010,0x00000000d5a00000)
  to   space 512K, 0% used [0x00000000d5a00000,0x00000000d5a00000,0x00000000d5a80000)
 ParOldGen       total 239104K, used 239003K [0x0000000080000000, 0x000000008e980000, 0x00000000d5580000)
  object space 239104K, 99% used [0x0000000080000000,0x000000008e966f58,0x000000008e980000)
 Metaspace       used 73699K, committed 75328K, reserved 1179648K
  class space    used 7736K, committed 8448K, reserved 1048576K
}
Event: 1447.054 GC heap before
{Heap before GC invocations=249 (full 3):
 PSYoungGen      total 3584K, used 3552K [0x00000000d5580000, 0x00000000d5a80000, 0x0000000100000000)
  eden space 3072K, 100% used [0x00000000d5580000,0x00000000d5880000,0x00000000d5880000)
  from space 512K, 93% used [0x00000000d5980000,0x00000000d59f8010,0x00000000d5a00000)
  to   space 512K, 0% used [0x00000000d5a00000,0x00000000d5a00000,0x00000000d5a80000)
 ParOldGen       total 239104K, used 239003K [0x0000000080000000, 0x000000008e980000, 0x00000000d5580000)
  object space 239104K, 99% used [0x0000000080000000,0x000000008e966f58,0x000000008e980000)
 Metaspace       used 73699K, committed 75328K, reserved 1179648K
  class space    used 7736K, committed 8448K, reserved 1048576K
}
Event: 1447.055 GC heap after
{Heap after GC invocations=249 (full 3):
 PSYoungGen      total 3584K, used 363K [0x00000000d5580000, 0x00000000d5a80000, 0x0000000100000000)
  eden space 3072K, 0% used [0x00000000d5580000,0x00000000d5580000,0x00000000d5880000)
  from space 512K, 70% used [0x00000000d5a00000,0x00000000d5a5ad48,0x00000000d5a80000)
  to   space 512K, 0% used [0x00000000d5980000,0x00000000d5980000,0x00000000d5a00000)
 ParOldGen       total 239616K, used 239291K [0x0000000080000000, 0x000000008ea00000, 0x00000000d5580000)
  object space 239616K, 99% used [0x0000000080000000,0x000000008e9aef78,0x000000008ea00000)
 Metaspace       used 73699K, committed 75328K, reserved 1179648K
  class space    used 7736K, committed 8448K, reserved 1048576K
}
Event: 1447.127 GC heap before
{Heap before GC invocations=250 (full 3):
 PSYoungGen      total 3584K, used 3435K [0x00000000d5580000, 0x00000000d5a80000, 0x0000000100000000)
  eden space 3072K, 99% used [0x00000000d5580000,0x00000000d587ffc0,0x00000000d5880000)
  from space 512K, 70% used [0x00000000d5a00000,0x00000000d5a5ad48,0x00000000d5a80000)
  to   space 512K, 0% used [0x00000000d5980000,0x00000000d5980000,0x00000000d5a00000)
 ParOldGen       total 239616K, used 239291K [0x0000000080000000, 0x000000008ea00000, 0x00000000d5580000)
  object space 239616K, 99% used [0x0000000080000000,0x000000008e9aef78,0x000000008ea00000)
 Metaspace       used 73699K, committed 75328K, reserved 1179648K
  class space    used 7736K, committed 8448K, reserved 1048576K
}
Event: 1447.129 GC heap after
{Heap after GC invocations=250 (full 3):
 PSYoungGen      total 3584K, used 416K [0x00000000d5580000, 0x00000000d5a80000, 0x0000000100000000)
  eden space 3072K, 0% used [0x00000000d5580000,0x00000000d5580000,0x00000000d5880000)
  from space 512K, 81% used [0x00000000d5980000,0x00000000d59e8000,0x00000000d5a00000)
  to   space 512K, 0% used [0x00000000d5a00000,0x00000000d5a00000,0x00000000d5a80000)
 ParOldGen       total 239616K, used 239371K [0x0000000080000000, 0x000000008ea00000, 0x00000000d5580000)
  object space 239616K, 99% used [0x0000000080000000,0x000000008e9c2f78,0x000000008ea00000)
 Metaspace       used 73699K, committed 75328K, reserved 1179648K
  class space    used 7736K, committed 8448K, reserved 1048576K
}
Event: 1491.301 GC heap before
{Heap before GC invocations=251 (full 3):
 PSYoungGen      total 3584K, used 3488K [0x00000000d5580000, 0x00000000d5a80000, 0x0000000100000000)
  eden space 3072K, 100% used [0x00000000d5580000,0x00000000d5880000,0x00000000d5880000)
  from space 512K, 81% used [0x00000000d5980000,0x00000000d59e8000,0x00000000d5a00000)
  to   space 512K, 0% used [0x00000000d5a00000,0x00000000d5a00000,0x00000000d5a80000)
 ParOldGen       total 239616K, used 239371K [0x0000000080000000, 0x000000008ea00000, 0x00000000d5580000)
  object space 239616K, 99% used [0x0000000080000000,0x000000008e9c2f78,0x000000008ea00000)
 Metaspace       used 73701K, committed 75328K, reserved 1179648K
  class space    used 7736K, committed 8448K, reserved 1048576K
}
Event: 1491.363 GC heap after
{Heap after GC invocations=251 (full 3):
 PSYoungGen      total 3584K, used 432K [0x00000000d5580000, 0x00000000d5a80000, 0x0000000100000000)
  eden space 3072K, 0% used [0x00000000d5580000,0x00000000d5580000,0x00000000d5880000)
  from space 512K, 84% used [0x00000000d5a00000,0x00000000d5a6c010,0x00000000d5a80000)
  to   space 512K, 0% used [0x00000000d5980000,0x00000000d5980000,0x00000000d5a00000)
 ParOldGen       total 239616K, used 239419K [0x0000000080000000, 0x000000008ea00000, 0x00000000d5580000)
  object space 239616K, 99% used [0x0000000080000000,0x000000008e9cef78,0x000000008ea00000)
 Metaspace       used 73701K, committed 75328K, reserved 1179648K
  class space    used 7736K, committed 8448K, reserved 1048576K
}

