# JRE version: OpenJDK Runtime Environment Temurin-21.0.10+7 (21.0.10+7) (build 21.0.10+7-LTS)
# Java VM: OpenJDK 64-Bit Server VM Temurin-21.0.10+7 (21.0.10+7-LTS, mixed mode, sharing, tiered, compressed oops, compressed class ptrs, parallel gc, windows-amd64)
GC Precious Log:
 CardTable entry size: 512
 CPUs: 16 total, 16 available
 Memory: 6005M
 Large Page Support: Disabled
 NUMA Support: Disabled
 Compressed Oops: Enabled (32-bit)
 Alignments: Space 512K, Generation 512K, Heap 2M
 Heap Min Capacity: 100M
 Heap Initial Capacity: 100M
 Heap Max Capacity: 2G
 Pre-touch: Disabled
 Parallel Workers: 13
Heap:
 PSYoungGen      total 15872K, used 12157K [0x00000000d5580000, 0x00000000d6a00000, 0x0000000100000000)
  eden space 13312K, 88% used [0x00000000d5580000,0x00000000d60f76a0,0x00000000d6280000)
  from space 2560K, 16% used [0x00000000d6500000,0x00000000d6568000,0x00000000d6780000)
  to   space 1536K, 0% used [0x00000000d6880000,0x00000000d6880000,0x00000000d6a00000)
 ParOldGen       total 68608K, used 44583K [0x0000000080000000, 0x0000000084300000, 0x00000000d5580000)
  object space 68608K, 64% used [0x0000000080000000,0x0000000082b89f18,0x0000000084300000)
 Metaspace       used 52931K, committed 54208K, reserved 1114112K
  class space    used 5782K, committed 6336K, reserved 1048576K
GC Heap History (20 events):
Event: 35.200 GC heap before
{Heap before GC invocations=18 (full 2):
 PSYoungGen      total 24064K, used 23679K [0x00000000d5580000, 0x00000000d6f00000, 0x0000000100000000)
  eden space 22016K, 99% used [0x00000000d5580000,0x00000000d6afffc8,0x00000000d6b00000)
  from space 2048K, 81% used [0x00000000d6b00000,0x00000000d6ca0000,0x00000000d6d00000)
  to   space 2048K, 0% used [0x00000000d6d00000,0x00000000d6d00000,0x00000000d6f00000)
 ParOldGen       total 68608K, used 22628K [0x0000000080000000, 0x0000000084300000, 0x00000000d5580000)
  object space 68608K, 32% used [0x0000000080000000,0x0000000081619118,0x0000000084300000)
 Metaspace       used 40741K, committed 41856K, reserved 1114112K
  class space    used 4243K, committed 4736K, reserved 1048576K
}
Event: 35.203 GC heap after
{Heap after GC invocations=18 (full 2):
 PSYoungGen      total 24064K, used 1693K [0x00000000d5580000, 0x00000000d6f00000, 0x0000000100000000)
  eden space 22016K, 0% used [0x00000000d5580000,0x00000000d5580000,0x00000000d6b00000)
  from space 2048K, 82% used [0x00000000d6d00000,0x00000000d6ea76b0,0x00000000d6f00000)
  to   space 2048K, 0% used [0x00000000d6b00000,0x00000000d6b00000,0x00000000d6d00000)
 ParOldGen       total 68608K, used 24168K [0x0000000080000000, 0x0000000084300000, 0x00000000d5580000)
  object space 68608K, 35% used [0x0000000080000000,0x000000008179a2d0,0x0000000084300000)
 Metaspace       used 40741K, committed 41856K, reserved 1114112K
  class space    used 4243K, committed 4736K, reserved 1048576K
}
Event: 35.465 GC heap before
{Heap before GC invocations=19 (full 2):
 PSYoungGen      total 24064K, used 23709K [0x00000000d5580000, 0x00000000d6f00000, 0x0000000100000000)
  eden space 22016K, 100% used [0x00000000d5580000,0x00000000d6b00000,0x00000000d6b00000)
  from space 2048K, 82% used [0x00000000d6d00000,0x00000000d6ea76b0,0x00000000d6f00000)
  to   space 2048K, 0% used [0x00000000d6b00000,0x00000000d6b00000,0x00000000d6d00000)
 ParOldGen       total 68608K, used 24168K [0x0000000080000000, 0x0000000084300000, 0x00000000d5580000)
  object space 68608K, 35% used [0x0000000080000000,0x000000008179a2d0,0x0000000084300000)
 Metaspace       used 42024K, committed 43200K, reserved 1114112K
  class space    used 4405K, committed 4928K, reserved 1048576K
}
Event: 35.469 GC heap after
{Heap after GC invocations=19 (full 2):
 PSYoungGen      total 24064K, used 2018K [0x00000000d5580000, 0x00000000d7400000, 0x0000000100000000)
  eden space 22016K, 0% used [0x00000000d5580000,0x00000000d5580000,0x00000000d6b00000)
  from space 2048K, 98% used [0x00000000d6b00000,0x00000000d6cf8800,0x00000000d6d00000)
  to   space 4608K, 0% used [0x00000000d6f80000,0x00000000d6f80000,0x00000000d7400000)
 ParOldGen       total 68608K, used 26032K [0x0000000080000000, 0x0000000084300000, 0x00000000d5580000)
  object space 68608K, 37% used [0x0000000080000000,0x000000008196c2e0,0x0000000084300000)
 Metaspace       used 42024K, committed 43200K, reserved 1114112K
  class space    used 4405K, committed 4928K, reserved 1048576K
}
Event: 35.576 GC heap before
{Heap before GC invocations=20 (full 2):
 PSYoungGen      total 24064K, used 24034K [0x00000000d5580000, 0x00000000d7400000, 0x0000000100000000)
  eden space 22016K, 100% used [0x00000000d5580000,0x00000000d6b00000,0x00000000d6b00000)
  from space 2048K, 98% used [0x00000000d6b00000,0x00000000d6cf8800,0x00000000d6d00000)
  to   space 4608K, 0% used [0x00000000d6f80000,0x00000000d6f80000,0x00000000d7400000)
 ParOldGen       total 68608K, used 26032K [0x0000000080000000, 0x0000000084300000, 0x00000000d5580000)
  object space 68608K, 37% used [0x0000000080000000,0x000000008196c2e0,0x0000000084300000)
 Metaspace       used 43475K, committed 44672K, reserved 1114112K
  class space    used 4622K, committed 5120K, reserved 1048576K
}
Event: 35.583 GC heap after
{Heap after GC invocations=20 (full 2):
 PSYoungGen      total 17920K, used 4586K [0x00000000d5580000, 0x00000000d8500000, 0x0000000100000000)
  eden space 13312K, 0% used [0x00000000d5580000,0x00000000d5580000,0x00000000d6280000)
  from space 4608K, 99% used [0x00000000d6f80000,0x00000000d73fab48,0x00000000d7400000)
  to   space 13312K, 0% used [0x00000000d6280000,0x00000000d6280000,0x00000000d6f80000)
 ParOldGen       total 68608K, used 33116K [0x0000000080000000, 0x0000000084300000, 0x00000000d5580000)
  object space 68608K, 48% used [0x0000000080000000,0x00000000820573c0,0x0000000084300000)
 Metaspace       used 43475K, committed 44672K, reserved 1114112K
  class space    used 4622K, committed 5120K, reserved 1048576K
}
Event: 35.744 GC heap before
{Heap before GC invocations=21 (full 2):
 PSYoungGen      total 17920K, used 17898K [0x00000000d5580000, 0x00000000d8500000, 0x0000000100000000)
  eden space 13312K, 99% used [0x00000000d5580000,0x00000000d627fd98,0x00000000d6280000)
  from space 4608K, 99% used [0x00000000d6f80000,0x00000000d73fab48,0x00000000d7400000)
  to   space 13312K, 0% used [0x00000000d6280000,0x00000000d6280000,0x00000000d6f80000)
 ParOldGen       total 68608K, used 33116K [0x0000000080000000, 0x0000000084300000, 0x00000000d5580000)
  object space 68608K, 48% used [0x0000000080000000,0x00000000820573c0,0x0000000084300000)
 Metaspace       used 45056K, committed 46208K, reserved 1114112K
  class space    used 4813K, committed 5312K, reserved 1048576K
}
Event: 35.748 GC heap after
{Heap after GC invocations=21 (full 2):
 PSYoungGen      total 15872K, used 2075K [0x00000000d5580000, 0x00000000d7000000, 0x0000000100000000)
  eden space 13312K, 0% used [0x00000000d5580000,0x00000000d5580000,0x00000000d6280000)
  from space 2560K, 81% used [0x00000000d6280000,0x00000000d6486d68,0x00000000d6500000)
  to   space 5632K, 0% used [0x00000000d6a80000,0x00000000d6a80000,0x00000000d7000000)
 ParOldGen       total 68608K, used 37759K [0x0000000080000000, 0x0000000084300000, 0x00000000d5580000)
  object space 68608K, 55% used [0x0000000080000000,0x00000000824dfca0,0x0000000084300000)
 Metaspace       used 45056K, committed 46208K, reserved 1114112K
  class space    used 4813K, committed 5312K, reserved 1048576K
}
Event: 35.892 GC heap before
{Heap before GC invocations=22 (full 2):
 PSYoungGen      total 15872K, used 15387K [0x00000000d5580000, 0x00000000d7000000, 0x0000000100000000)
  eden space 13312K, 100% used [0x00000000d5580000,0x00000000d6280000,0x00000000d6280000)
  from space 2560K, 81% used [0x00000000d6280000,0x00000000d6486d68,0x00000000d6500000)
  to   space 5632K, 0% used [0x00000000d6a80000,0x00000000d6a80000,0x00000000d7000000)
 ParOldGen       total 68608K, used 37759K [0x0000000080000000, 0x0000000084300000, 0x00000000d5580000)
  object space 68608K, 55% used [0x0000000080000000,0x00000000824dfca0,0x0000000084300000)
 Metaspace       used 46328K, committed 47552K, reserved 1114112K
  class space    used 4963K, committed 5504K, reserved 1048576K
}
Event: 35.895 GC heap after
{Heap after GC invocations=22 (full 2):
 PSYoungGen      total 14336K, used 832K [0x00000000d5580000, 0x00000000d6b80000, 0x0000000100000000)
  eden space 13312K, 0% used [0x00000000d5580000,0x00000000d5580000,0x00000000d6280000)
  from space 1024K, 81% used [0x00000000d6a80000,0x00000000d6b50000,0x00000000d6b80000)
  to   space 2048K, 0% used [0x00000000d6780000,0x00000000d6780000,0x00000000d6980000)
 ParOldGen       total 68608K, used 39599K [0x0000000080000000, 0x0000000084300000, 0x00000000d5580000)
  object space 68608K, 57% used [0x0000000080000000,0x00000000826abcb0,0x0000000084300000)
 Metaspace       used 46328K, committed 47552K, reserved 1114112K
  class space    used 4963K, committed 5504K, reserved 1048576K
}
Event: 36.074 GC heap before
{Heap before GC invocations=23 (full 2):
 PSYoungGen      total 14336K, used 14144K [0x00000000d5580000, 0x00000000d6b80000, 0x0000000100000000)
  eden space 13312K, 100% used [0x00000000d5580000,0x00000000d6280000,0x00000000d6280000)
  from space 1024K, 81% used [0x00000000d6a80000,0x00000000d6b50000,0x00000000d6b80000)
  to   space 2048K, 0% used [0x00000000d6780000,0x00000000d6780000,0x00000000d6980000)
 ParOldGen       total 68608K, used 39599K [0x0000000080000000, 0x0000000084300000, 0x00000000d5580000)
  object space 68608K, 57% used [0x0000000080000000,0x00000000826abcb0,0x0000000084300000)
 Metaspace       used 48014K, committed 49216K, reserved 1114112K
  class space    used 5183K, committed 5696K, reserved 1048576K
}
Event: 36.076 GC heap after
{Heap after GC invocations=23 (full 2):
 PSYoungGen      total 15360K, used 1008K [0x00000000d5580000, 0x00000000d6b00000, 0x0000000100000000)
  eden space 13312K, 0% used [0x00000000d5580000,0x00000000d5580000,0x00000000d6280000)
  from space 2048K, 49% used [0x00000000d6780000,0x00000000d687c010,0x00000000d6980000)
  to   space 1536K, 0% used [0x00000000d6980000,0x00000000d6980000,0x00000000d6b00000)
 ParOldGen       total 68608K, used 40079K [0x0000000080000000, 0x0000000084300000, 0x00000000d5580000)
  object space 68608K, 58% used [0x0000000080000000,0x0000000082723cb0,0x0000000084300000)
 Metaspace       used 48014K, committed 49216K, reserved 1114112K
  class space    used 5183K, committed 5696K, reserved 1048576K
}
Event: 36.374 GC heap before
{Heap before GC invocations=24 (full 2):
 PSYoungGen      total 15360K, used 14320K [0x00000000d5580000, 0x00000000d6b00000, 0x0000000100000000)
  eden space 13312K, 100% used [0x00000000d5580000,0x00000000d6280000,0x00000000d6280000)
  from space 2048K, 49% used [0x00000000d6780000,0x00000000d687c010,0x00000000d6980000)
  to   space 1536K, 0% used [0x00000000d6980000,0x00000000d6980000,0x00000000d6b00000)
 ParOldGen       total 68608K, used 40079K [0x0000000080000000, 0x0000000084300000, 0x00000000d5580000)
  object space 68608K, 58% used [0x0000000080000000,0x0000000082723cb0,0x0000000084300000)
 Metaspace       used 49542K, committed 50688K, reserved 1114112K
  class space    used 5390K, committed 5888K, reserved 1048576K
}
Event: 36.376 GC heap after
{Heap after GC invocations=24 (full 2):
 PSYoungGen      total 14848K, used 1359K [0x00000000d5580000, 0x00000000d6b00000, 0x0000000100000000)
  eden space 13312K, 0% used [0x00000000d5580000,0x00000000d5580000,0x00000000d6280000)
  from space 1536K, 88% used [0x00000000d6980000,0x00000000d6ad3e40,0x00000000d6b00000)
  to   space 1536K, 0% used [0x00000000d6800000,0x00000000d6800000,0x00000000d6980000)
 ParOldGen       total 68608K, used 40846K [0x0000000080000000, 0x0000000084300000, 0x00000000d5580000)
  object space 68608K, 59% used [0x0000000080000000,0x00000000827e3a10,0x0000000084300000)
 Metaspace       used 49542K, committed 50688K, reserved 1114112K
  class space    used 5390K, committed 5888K, reserved 1048576K
}
Event: 36.523 GC heap before
{Heap before GC invocations=25 (full 2):
 PSYoungGen      total 14848K, used 14671K [0x00000000d5580000, 0x00000000d6b00000, 0x0000000100000000)
  eden space 13312K, 100% used [0x00000000d5580000,0x00000000d6280000,0x00000000d6280000)
  from space 1536K, 88% used [0x00000000d6980000,0x00000000d6ad3e40,0x00000000d6b00000)
  to   space 1536K, 0% used [0x00000000d6800000,0x00000000d6800000,0x00000000d6980000)
 ParOldGen       total 68608K, used 40846K [0x0000000080000000, 0x0000000084300000, 0x00000000d5580000)
  object space 68608K, 59% used [0x0000000080000000,0x00000000827e3a10,0x0000000084300000)
 Metaspace       used 50709K, committed 51840K, reserved 1114112K
  class space    used 5530K, committed 6016K, reserved 1048576K
}
Event: 36.526 GC heap after
{Heap after GC invocations=25 (full 2):
 PSYoungGen      total 14848K, used 1535K [0x00000000d5580000, 0x00000000d6a00000, 0x0000000100000000)
  eden space 13312K, 0% used [0x00000000d5580000,0x00000000d5580000,0x00000000d6280000)
  from space 1536K, 99% used [0x00000000d6800000,0x00000000d697fc10,0x00000000d6980000)
  to   space 512K, 0% used [0x00000000d6980000,0x00000000d6980000,0x00000000d6a00000)
 ParOldGen       total 68608K, used 42366K [0x0000000080000000, 0x0000000084300000, 0x00000000d5580000)
  object space 68608K, 61% used [0x0000000080000000,0x000000008295fa88,0x0000000084300000)
 Metaspace       used 50709K, committed 51840K, reserved 1114112K
  class space    used 5530K, committed 6016K, reserved 1048576K
}
Event: 36.855 GC heap before
{Heap before GC invocations=26 (full 2):
 PSYoungGen      total 14848K, used 14846K [0x00000000d5580000, 0x00000000d6a00000, 0x0000000100000000)
  eden space 13312K, 99% used [0x00000000d5580000,0x00000000d627ff10,0x00000000d6280000)
  from space 1536K, 99% used [0x00000000d6800000,0x00000000d697fc10,0x00000000d6980000)
  to   space 512K, 0% used [0x00000000d6980000,0x00000000d6980000,0x00000000d6a00000)
 ParOldGen       total 68608K, used 42366K [0x0000000080000000, 0x0000000084300000, 0x00000000d5580000)
  object space 68608K, 61% used [0x0000000080000000,0x000000008295fa88,0x0000000084300000)
 Metaspace       used 52182K, committed 53376K, reserved 1114112K
  class space    used 5690K, committed 6208K, reserved 1048576K
}
Event: 36.857 GC heap after
{Heap after GC invocations=26 (full 2):
 PSYoungGen      total 13824K, used 507K [0x00000000d5580000, 0x00000000d6a00000, 0x0000000100000000)
  eden space 13312K, 0% used [0x00000000d5580000,0x00000000d5580000,0x00000000d6280000)
  from space 512K, 99% used [0x00000000d6980000,0x00000000d69fee98,0x00000000d6a00000)
  to   space 2560K, 0% used [0x00000000d6500000,0x00000000d6500000,0x00000000d6780000)
 ParOldGen       total 68608K, used 44075K [0x0000000080000000, 0x0000000084300000, 0x00000000d5580000)
  object space 68608K, 64% used [0x0000000080000000,0x0000000082b0ad48,0x0000000084300000)
 Metaspace       used 52182K, committed 53376K, reserved 1114112K
  class space    used 5690K, committed 6208K, reserved 1048576K
}
Event: 37.150 GC heap before
{Heap before GC invocations=27 (full 2):
 PSYoungGen      total 13824K, used 13819K [0x00000000d5580000, 0x00000000d6a00000, 0x0000000100000000)
  eden space 13312K, 100% used [0x00000000d5580000,0x00000000d6280000,0x00000000d6280000)
  from space 512K, 99% used [0x00000000d6980000,0x00000000d69fee98,0x00000000d6a00000)
  to   space 2560K, 0% used [0x00000000d6500000,0x00000000d6500000,0x00000000d6780000)
 ParOldGen       total 68608K, used 44075K [0x0000000080000000, 0x0000000084300000, 0x00000000d5580000)
  object space 68608K, 64% used [0x0000000080000000,0x0000000082b0ad48,0x0000000084300000)
 Metaspace       used 52260K, committed 53440K, reserved 1114112K
  class space    used 5699K, committed 6208K, reserved 1048576K
}
Event: 37.151 GC heap after
{Heap after GC invocations=27 (full 2):
 PSYoungGen      total 15872K, used 416K [0x00000000d5580000, 0x00000000d6a00000, 0x0000000100000000)
  eden space 13312K, 0% used [0x00000000d5580000,0x00000000d5580000,0x00000000d6280000)
  from space 2560K, 16% used [0x00000000d6500000,0x00000000d6568000,0x00000000d6780000)
  to   space 1536K, 0% used [0x00000000d6880000,0x00000000d6880000,0x00000000d6a00000)
 ParOldGen       total 68608K, used 44583K [0x0000000080000000, 0x0000000084300000, 0x00000000d5580000)
  object space 68608K, 64% used [0x0000000080000000,0x0000000082b89f18,0x0000000084300000)
 Metaspace       used 52260K, committed 53440K, reserved 1114112K
  class space    used 5699K, committed 6208K, reserved 1048576K
}

