# JRE version: OpenJDK Runtime Environment Temurin-21.0.10+7 (21.0.10+7) (build 21.0.10+7-LTS)
# Java VM: OpenJDK 64-Bit Server VM Temurin-21.0.10+7 (21.0.10+7-LTS, mixed mode, sharing, tiered, compressed oops, compressed class ptrs, parallel gc, windows-amd64)
GC Precious Log:
 CardTable entry size: 512
 CPUs: 16 total, 16 available
 Memory: 6005M
 Large Page Support: Disabled
 NUMA Support: Disabled
 Compressed Oops: Enabled (32-bit)
 Alignments: Space 512K, Generation 512K, Heap 2M
 Heap Min Capacity: 100M
 Heap Initial Capacity: 100M
 Heap Max Capacity: 2G
 Pre-touch: Disabled
 Parallel Workers: 13
Heap:
 PSYoungGen      total 2048K, used 1243K [0x00000000d5580000, 0x00000000d5900000, 0x0000000100000000)
  eden space 1536K, 77% used [0x00000000d5580000,0x00000000d56ab018,0x00000000d5700000)
  from space 512K, 50% used [0x00000000d5880000,0x00000000d58c0000,0x00000000d5900000)
  to   space 512K, 0% used [0x00000000d5800000,0x00000000d5800000,0x00000000d5880000)
 ParOldGen       total 142336K, used 142213K [0x0000000080000000, 0x0000000088b00000, 0x00000000d5580000)
  object space 142336K, 99% used [0x0000000080000000,0x0000000088ae1658,0x0000000088b00000)
 Metaspace       used 78543K, committed 80320K, reserved 1179648K
  class space    used 8171K, committed 8896K, reserved 1048576K
GC Heap History (20 events):
Event: 63.460 GC heap before
{Heap before GC invocations=220 (full 3):
 PSYoungGen      total 1536K, used 1440K [0x00000000d5580000, 0x00000000d5800000, 0x0000000100000000)
  eden space 1024K, 100% used [0x00000000d5580000,0x00000000d5680000,0x00000000d5680000)
  from space 512K, 81% used [0x00000000d5780000,0x00000000d57e8000,0x00000000d5800000)
  to   space 512K, 0% used [0x00000000d5700000,0x00000000d5700000,0x00000000d5780000)
 ParOldGen       total 137728K, used 137466K [0x0000000080000000, 0x0000000088680000, 0x00000000d5580000)
  object space 137728K, 99% used [0x0000000080000000,0x000000008863ea38,0x0000000088680000)
 Metaspace       used 78116K, committed 79872K, reserved 1179648K
  class space    used 8123K, committed 8832K, reserved 1048576K
}
Event: 63.461 GC heap after
{Heap after GC invocations=220 (full 3):
 PSYoungGen      total 1536K, used 416K [0x00000000d5580000, 0x00000000d5800000, 0x0000000100000000)
  eden space 1024K, 0% used [0x00000000d5580000,0x00000000d5580000,0x00000000d5680000)
  from space 512K, 81% used [0x00000000d5700000,0x00000000d5768000,0x00000000d5780000)
  to   space 512K, 0% used [0x00000000d5780000,0x00000000d5780000,0x00000000d5800000)
 ParOldGen       total 138240K, used 137953K [0x0000000080000000, 0x0000000088700000, 0x00000000d5580000)
  object space 138240K, 99% used [0x0000000080000000,0x00000000886b8438,0x0000000088700000)
 Metaspace       used 78116K, committed 79872K, reserved 1179648K
  class space    used 8123K, committed 8832K, reserved 1048576K
}
Event: 63.463 GC heap before
{Heap before GC invocations=221 (full 3):
 PSYoungGen      total 1536K, used 1440K [0x00000000d5580000, 0x00000000d5800000, 0x0000000100000000)
  eden space 1024K, 100% used [0x00000000d5580000,0x00000000d5680000,0x00000000d5680000)
  from space 512K, 81% used [0x00000000d5700000,0x00000000d5768000,0x00000000d5780000)
  to   space 512K, 0% used [0x00000000d5780000,0x00000000d5780000,0x00000000d5800000)
 ParOldGen       total 138240K, used 137953K [0x0000000080000000, 0x0000000088700000, 0x00000000d5580000)
  object space 138240K, 99% used [0x0000000080000000,0x00000000886b8438,0x0000000088700000)
 Metaspace       used 78118K, committed 79872K, reserved 1179648K
  class space    used 8123K, committed 8832K, reserved 1048576K
}
Event: 63.464 GC heap after
{Heap after GC invocations=221 (full 3):
 PSYoungGen      total 1024K, used 512K [0x00000000d5580000, 0x00000000d5980000, 0x0000000100000000)
  eden space 512K, 0% used [0x00000000d5580000,0x00000000d5580000,0x00000000d5600000)
  from space 512K, 100% used [0x00000000d5780000,0x00000000d5800000,0x00000000d5800000)
  to   space 1536K, 0% used [0x00000000d5600000,0x00000000d5600000,0x00000000d5780000)
 ParOldGen       total 138752K, used 138489K [0x0000000080000000, 0x0000000088780000, 0x00000000d5580000)
  object space 138752K, 99% used [0x0000000080000000,0x000000008873e438,0x0000000088780000)
 Metaspace       used 78118K, committed 79872K, reserved 1179648K
  class space    used 8123K, committed 8832K, reserved 1048576K
}
Event: 63.466 GC heap before
{Heap before GC invocations=222 (full 3):
 PSYoungGen      total 1024K, used 1023K [0x00000000d5580000, 0x00000000d5980000, 0x0000000100000000)
  eden space 512K, 99% used [0x00000000d5580000,0x00000000d55fff88,0x00000000d5600000)
  from space 512K, 100% used [0x00000000d5780000,0x00000000d5800000,0x00000000d5800000)
  to   space 1536K, 0% used [0x00000000d5600000,0x00000000d5600000,0x00000000d5780000)
 ParOldGen       total 138752K, used 138489K [0x0000000080000000, 0x0000000088780000, 0x00000000d5580000)
  object space 138752K, 99% used [0x0000000080000000,0x000000008873e438,0x0000000088780000)
 Metaspace       used 78118K, committed 79872K, reserved 1179648K
  class space    used 8123K, committed 8832K, reserved 1048576K
}
Event: 63.467 GC heap after
{Heap after GC invocations=222 (full 3):
 PSYoungGen      total 2048K, used 512K [0x00000000d5580000, 0x00000000d5880000, 0x0000000100000000)
  eden space 512K, 0% used [0x00000000d5580000,0x00000000d5580000,0x00000000d5600000)
  from space 1536K, 33% used [0x00000000d5600000,0x00000000d5680000,0x00000000d5780000)
  to   space 1024K, 0% used [0x00000000d5780000,0x00000000d5780000,0x00000000d5880000)
 ParOldGen       total 139264K, used 139073K [0x0000000080000000, 0x0000000088800000, 0x00000000d5580000)
  object space 139264K, 99% used [0x0000000080000000,0x00000000887d0438,0x0000000088800000)
 Metaspace       used 78118K, committed 79872K, reserved 1179648K
  class space    used 8123K, committed 8832K, reserved 1048576K
}
Event: 63.469 GC heap before
{Heap before GC invocations=223 (full 3):
 PSYoungGen      total 2048K, used 1024K [0x00000000d5580000, 0x00000000d5880000, 0x0000000100000000)
  eden space 512K, 100% used [0x00000000d5580000,0x00000000d5600000,0x00000000d5600000)
  from space 1536K, 33% used [0x00000000d5600000,0x00000000d5680000,0x00000000d5780000)
  to   space 1024K, 0% used [0x00000000d5780000,0x00000000d5780000,0x00000000d5880000)
 ParOldGen       total 139264K, used 139073K [0x0000000080000000, 0x0000000088800000, 0x00000000d5580000)
  object space 139264K, 99% used [0x0000000080000000,0x00000000887d0438,0x0000000088800000)
 Metaspace       used 78118K, committed 79872K, reserved 1179648K
  class space    used 8123K, committed 8832K, reserved 1048576K
}
Event: 63.470 GC heap after
{Heap after GC invocations=223 (full 3):
 PSYoungGen      total 2048K, used 672K [0x00000000d5580000, 0x00000000d5880000, 0x0000000100000000)
  eden space 1024K, 0% used [0x00000000d5580000,0x00000000d5580000,0x00000000d5680000)
  from space 1024K, 65% used [0x00000000d5780000,0x00000000d5828000,0x00000000d5880000)
  to   space 1024K, 0% used [0x00000000d5680000,0x00000000d5680000,0x00000000d5780000)
 ParOldGen       total 139776K, used 139505K [0x0000000080000000, 0x0000000088880000, 0x00000000d5580000)
  object space 139776K, 99% used [0x0000000080000000,0x000000008883c438,0x0000000088880000)
 Metaspace       used 78118K, committed 79872K, reserved 1179648K
  class space    used 8123K, committed 8832K, reserved 1048576K
}
Event: 63.473 GC heap before
{Heap before GC invocations=224 (full 3):
 PSYoungGen      total 2048K, used 1696K [0x00000000d5580000, 0x00000000d5880000, 0x0000000100000000)
  eden space 1024K, 100% used [0x00000000d5580000,0x00000000d5680000,0x00000000d5680000)
  from space 1024K, 65% used [0x00000000d5780000,0x00000000d5828000,0x00000000d5880000)
  to   space 1024K, 0% used [0x00000000d5680000,0x00000000d5680000,0x00000000d5780000)
 ParOldGen       total 139776K, used 139505K [0x0000000080000000, 0x0000000088880000, 0x00000000d5580000)
  object space 139776K, 99% used [0x0000000080000000,0x000000008883c438,0x0000000088880000)
 Metaspace       used 78118K, committed 79872K, reserved 1179648K
  class space    used 8123K, committed 8832K, reserved 1048576K
}
Event: 63.474 GC heap after
{Heap after GC invocations=224 (full 3):
 PSYoungGen      total 2048K, used 1024K [0x00000000d5580000, 0x00000000d5b00000, 0x0000000100000000)
  eden space 1024K, 0% used [0x00000000d5580000,0x00000000d5580000,0x00000000d5680000)
  from space 1024K, 100% used [0x00000000d5680000,0x00000000d5780000,0x00000000d5780000)
  to   space 2048K, 0% used [0x00000000d5900000,0x00000000d5900000,0x00000000d5b00000)
 ParOldGen       total 140288K, used 140097K [0x0000000080000000, 0x0000000088900000, 0x00000000d5580000)
  object space 140288K, 99% used [0x0000000080000000,0x00000000888d0438,0x0000000088900000)
 Metaspace       used 78118K, committed 79872K, reserved 1179648K
  class space    used 8123K, committed 8832K, reserved 1048576K
}
Event: 63.482 GC heap before
{Heap before GC invocations=225 (full 3):
 PSYoungGen      total 2048K, used 2048K [0x00000000d5580000, 0x00000000d5b00000, 0x0000000100000000)
  eden space 1024K, 100% used [0x00000000d5580000,0x00000000d5680000,0x00000000d5680000)
  from space 1024K, 100% used [0x00000000d5680000,0x00000000d5780000,0x00000000d5780000)
  to   space 2048K, 0% used [0x00000000d5900000,0x00000000d5900000,0x00000000d5b00000)
 ParOldGen       total 140288K, used 140097K [0x0000000080000000, 0x0000000088900000, 0x00000000d5580000)
  object space 140288K, 99% used [0x0000000080000000,0x00000000888d0438,0x0000000088900000)
 Metaspace       used 78119K, committed 79872K, reserved 1179648K
  class space    used 8123K, committed 8832K, reserved 1048576K
}
Event: 63.485 GC heap after
{Heap after GC invocations=225 (full 3):
 PSYoungGen      total 2560K, used 896K [0x00000000d5580000, 0x00000000d5a00000, 0x0000000100000000)
  eden space 1536K, 0% used [0x00000000d5580000,0x00000000d5580000,0x00000000d5700000)
  from space 1024K, 87% used [0x00000000d5900000,0x00000000d59e0000,0x00000000d5a00000)
  to   space 1536K, 0% used [0x00000000d5700000,0x00000000d5700000,0x00000000d5880000)
 ParOldGen       total 141312K, used 141073K [0x0000000080000000, 0x0000000088a00000, 0x00000000d5580000)
  object space 141312K, 99% used [0x0000000080000000,0x00000000889c4438,0x0000000088a00000)
 Metaspace       used 78119K, committed 79872K, reserved 1179648K
  class space    used 8123K, committed 8832K, reserved 1048576K
}
Event: 335.346 GC heap before
{Heap before GC invocations=226 (full 3):
 PSYoungGen      total 2560K, used 2431K [0x00000000d5580000, 0x00000000d5a00000, 0x0000000100000000)
  eden space 1536K, 99% used [0x00000000d5580000,0x00000000d56fffe8,0x00000000d5700000)
  from space 1024K, 87% used [0x00000000d5900000,0x00000000d59e0000,0x00000000d5a00000)
  to   space 1536K, 0% used [0x00000000d5700000,0x00000000d5700000,0x00000000d5880000)
 ParOldGen       total 141312K, used 141073K [0x0000000080000000, 0x0000000088a00000, 0x00000000d5580000)
  object space 141312K, 99% used [0x0000000080000000,0x00000000889c4438,0x0000000088a00000)
 Metaspace       used 78252K, committed 80000K, reserved 1179648K
  class space    used 8144K, committed 8832K, reserved 1048576K
}
Event: 335.374 GC heap after
{Heap after GC invocations=226 (full 3):
 PSYoungGen      total 3072K, used 416K [0x00000000d5580000, 0x00000000d5980000, 0x0000000100000000)
  eden space 1536K, 0% used [0x00000000d5580000,0x00000000d5580000,0x00000000d5700000)
  from space 1536K, 27% used [0x00000000d5700000,0x00000000d5768000,0x00000000d5880000)
  to   space 1024K, 0% used [0x00000000d5880000,0x00000000d5880000,0x00000000d5980000)
 ParOldGen       total 141824K, used 141777K [0x0000000080000000, 0x0000000088a80000, 0x00000000d5580000)
  object space 141824K, 99% used [0x0000000080000000,0x0000000088a74438,0x0000000088a80000)
 Metaspace       used 78252K, committed 80000K, reserved 1179648K
  class space    used 8144K, committed 8832K, reserved 1048576K
}
Event: 335.458 GC heap before
{Heap before GC invocations=227 (full 3):
 PSYoungGen      total 3072K, used 1951K [0x00000000d5580000, 0x00000000d5980000, 0x0000000100000000)
  eden space 1536K, 99% used [0x00000000d5580000,0x00000000d56ffff8,0x00000000d5700000)
  from space 1536K, 27% used [0x00000000d5700000,0x00000000d5768000,0x00000000d5880000)
  to   space 1024K, 0% used [0x00000000d5880000,0x00000000d5880000,0x00000000d5980000)
 ParOldGen       total 141824K, used 141777K [0x0000000080000000, 0x0000000088a80000, 0x00000000d5580000)
  object space 141824K, 99% used [0x0000000080000000,0x0000000088a74438,0x0000000088a80000)
 Metaspace       used 78475K, committed 80256K, reserved 1179648K
  class space    used 8161K, committed 8832K, reserved 1048576K
}
Event: 335.459 GC heap after
{Heap after GC invocations=227 (full 3):
 PSYoungGen      total 2048K, used 384K [0x00000000d5580000, 0x00000000d5900000, 0x0000000100000000)
  eden space 1536K, 0% used [0x00000000d5580000,0x00000000d5580000,0x00000000d5700000)
  from space 512K, 75% used [0x00000000d5880000,0x00000000d58e0000,0x00000000d5900000)
  to   space 512K, 0% used [0x00000000d5800000,0x00000000d5800000,0x00000000d5880000)
 ParOldGen       total 142336K, used 141881K [0x0000000080000000, 0x0000000088b00000, 0x00000000d5580000)
  object space 142336K, 99% used [0x0000000080000000,0x0000000088a8e438,0x0000000088b00000)
 Metaspace       used 78475K, committed 80256K, reserved 1179648K
  class space    used 8161K, committed 8832K, reserved 1048576K
}
Event: 593.775 GC heap before
{Heap before GC invocations=228 (full 3):
 PSYoungGen      total 2048K, used 1920K [0x00000000d5580000, 0x00000000d5900000, 0x0000000100000000)
  eden space 1536K, 100% used [0x00000000d5580000,0x00000000d5700000,0x00000000d5700000)
  from space 512K, 75% used [0x00000000d5880000,0x00000000d58e0000,0x00000000d5900000)
  to   space 512K, 0% used [0x00000000d5800000,0x00000000d5800000,0x00000000d5880000)
 ParOldGen       total 142336K, used 141881K [0x0000000080000000, 0x0000000088b00000, 0x00000000d5580000)
  object space 142336K, 99% used [0x0000000080000000,0x0000000088a8e438,0x0000000088b00000)
 Metaspace       used 78536K, committed 80320K, reserved 1179648K
  class space    used 8171K, committed 8896K, reserved 1048576K
}
Event: 593.777 GC heap after
{Heap after GC invocations=228 (full 3):
 PSYoungGen      total 2048K, used 378K [0x00000000d5580000, 0x00000000d5900000, 0x0000000100000000)
  eden space 1536K, 0% used [0x00000000d5580000,0x00000000d5580000,0x00000000d5700000)
  from space 512K, 73% used [0x00000000d5800000,0x00000000d585e920,0x00000000d5880000)
  to   space 512K, 0% used [0x00000000d5880000,0x00000000d5880000,0x00000000d5900000)
 ParOldGen       total 142336K, used 141993K [0x0000000080000000, 0x0000000088b00000, 0x00000000d5580000)
  object space 142336K, 99% used [0x0000000080000000,0x0000000088aaa438,0x0000000088b00000)
 Metaspace       used 78536K, committed 80320K, reserved 1179648K
  class space    used 8171K, committed 8896K, reserved 1048576K
}
Event: 593.843 GC heap before
{Heap before GC invocations=229 (full 3):
 PSYoungGen      total 2048K, used 1914K [0x00000000d5580000, 0x00000000d5900000, 0x0000000100000000)
  eden space 1536K, 100% used [0x00000000d5580000,0x00000000d5700000,0x00000000d5700000)
  from space 512K, 73% used [0x00000000d5800000,0x00000000d585e920,0x00000000d5880000)
  to   space 512K, 0% used [0x00000000d5880000,0x00000000d5880000,0x00000000d5900000)
 ParOldGen       total 142336K, used 141993K [0x0000000080000000, 0x0000000088b00000, 0x00000000d5580000)
  object space 142336K, 99% used [0x0000000080000000,0x0000000088aaa438,0x0000000088b00000)
 Metaspace       used 78537K, committed 80320K, reserved 1179648K
  class space    used 8171K, committed 8896K, reserved 1048576K
}
Event: 593.848 GC heap after
{Heap after GC invocations=229 (full 3):
 PSYoungGen      total 2048K, used 256K [0x00000000d5580000, 0x00000000d5900000, 0x0000000100000000)
  eden space 1536K, 0% used [0x00000000d5580000,0x00000000d5580000,0x00000000d5700000)
  from space 512K, 50% used [0x00000000d5880000,0x00000000d58c0000,0x00000000d5900000)
  to   space 512K, 0% used [0x00000000d5800000,0x00000000d5800000,0x00000000d5880000)
 ParOldGen       total 142336K, used 142213K [0x0000000080000000, 0x0000000088b00000, 0x00000000d5580000)
  object space 142336K, 99% used [0x0000000080000000,0x0000000088ae1658,0x0000000088b00000)
 Metaspace       used 78537K, committed 80320K, reserved 1179648K
  class space    used 8171K, committed 8896K, reserved 1048576K
}

